2020-11-26 21:32:04 +0000  Initial pipeline context: <IDEDistributionProcessingPipelineContext: 0x16e8fad40; archive(resolved)='<IDEArchive: 0x16fc780c0>', distributionTask(resolved)='2', distributionDestination(resolved)='2', distributionMethod(resolved)='<IDEDistributionMethodiOSAppStoreDistribution: 0x166bf1890>', team(resolved)='<IDEProvisioningDisambiguatableBasicTeam: 0x13f9b0340; teamID='X56656LMAV', teamName='Clement FLORET', teamType='Individual', username='floretcl@outlook.com', isFreeProvisioningTeam='0'>'>
	Chain (13, self inclusive):
	<IDEDistributionProcessingPipelineContext: 0x16e8fad40; archive = '<IDEArchive: 0x16fc780c0>', distributionMethod='<IDEDistributionMethodiOSAppStoreDistribution: 0x166bf1890>', team='<IDEProvisioningDisambiguatableBasicTeam: 0x13f9b0340; teamID='X56656LMAV', teamName='Clement FLORET', teamType='Individual', username='floretcl@outlook.com', isFreeProvisioningTeam='0'>'>
	<IDEDistributionProcessingPipelineContext: 0x16e81ea70; archive = '<IDEArchive: 0x16fc780c0>', distributionMethod='<IDEDistributionMethodiOSAppStoreDistribution: 0x166bf1890>', team='<IDEProvisioningDisambiguatableBasicTeam: 0x13f9b0340; teamID='X56656LMAV', teamName='Clement FLORET', teamType='Individual', username='floretcl@outlook.com', isFreeProvisioningTeam='0'>'>
	<IDEDistributionContext: 0x13ef94310; archive = '<IDEArchive: 0x16fc780c0>', distributionMethod='<IDEDistributionMethodiOSAppStoreDistribution: 0x166bf1890>', team='<IDEProvisioningDisambiguatableBasicTeam: 0x13f9b0340; teamID='X56656LMAV', teamName='Clement FLORET', teamType='Individual', username='floretcl@outlook.com', isFreeProvisioningTeam='0'>'>
	<IDEDistributionContext: 0x2ed50bd60; archive = '<IDEArchive: 0x16fc780c0>', distributionMethod='<IDEDistributionMethodiOSAppStoreDistribution: 0x166bf1890>', team='<IDEProvisioningDisambiguatableBasicTeam: 0x13f9b0340; teamID='X56656LMAV', teamName='Clement FLORET', teamType='Individual', username='floretcl@outlook.com', isFreeProvisioningTeam='0'>'>
	<IDEDistributionContext: 0x13ef94180; archive = '<IDEArchive: 0x16fc780c0>', distributionMethod='<IDEDistributionMethodiOSAppStoreDistribution: 0x166bf1890>', team='<IDEProvisioningDisambiguatableBasicTeam: 0x13f9b0340; teamID='X56656LMAV', teamName='Clement FLORET', teamType='Individual', username='floretcl@outlook.com', isFreeProvisioningTeam='0'>'>
	<IDEDistributionContext: 0x12f9db8a0; archive = '<IDEArchive: 0x16fc780c0>', distributionMethod='<IDEDistributionMethodiOSAppStoreDistribution: 0x166bf1890>', team='<IDEProvisioningDisambiguatableBasicTeam: 0x13f9b0340; teamID='X56656LMAV', teamName='Clement FLORET', teamType='Individual', username='floretcl@outlook.com', isFreeProvisioningTeam='0'>'>
	<IDEDistributionContext: 0x12fa833e0; archive = '<IDEArchive: 0x16fc780c0>', distributionMethod='<IDEDistributionMethodiOSAppStoreDistribution: 0x166bf1890>', team='<IDEProvisioningDisambiguatableBasicTeam: 0x13f9b0340; teamID='X56656LMAV', teamName='Clement FLORET', teamType='Individual', username='floretcl@outlook.com', isFreeProvisioningTeam='0'>'>
	<IDEDistributionContext: 0x12f9db620; archive = '<IDEArchive: 0x16fc780c0>', distributionMethod='<IDEDistributionMethodiOSAppStoreDistribution: 0x166bf1890>', team='<IDEProvisioningDisambiguatableBasicTeam: 0x13f9b0340; teamID='X56656LMAV', teamName='Clement FLORET', teamType='Individual', username='floretcl@outlook.com', isFreeProvisioningTeam='0'>'>
	<IDEDistributionContext: 0x12f9db490; archive = '<IDEArchive: 0x16fc780c0>', distributionMethod='<IDEDistributionMethodiOSAppStoreDistribution: 0x166bf1890>', team='<IDEProvisioningDisambiguatableBasicTeam: 0x13f9b0340; teamID='X56656LMAV', teamName='Clement FLORET', teamType='Individual', username='floretcl@outlook.com', isFreeProvisioningTeam='0'>'>
	<IDEDistributionContext: 0x13ef93f20; archive = '<IDEArchive: 0x16fc780c0>', distributionMethod='<IDEDistributionMethodiOSAppStoreDistribution: 0x166bf1890>', team='<IDEProvisioningDisambiguatableBasicTeam: 0x13f9b0340; teamID='X56656LMAV', teamName='Clement FLORET', teamType='Individual', username='floretcl@outlook.com', isFreeProvisioningTeam='0'>'>
	<IDEDistributionContext: 0x2ecbba390; archive = '<IDEArchive: 0x16fc780c0>', distributionMethod='<IDEDistributionMethodiOSAppStoreDistribution: 0x166bf1890>', team='(null)'>
	<IDEDistributionContext: 0x2ecb9f810; archive = '<IDEArchive: 0x16fc780c0>', distributionMethod='<IDEDistributionMethodiOSAppStoreDistribution: 0x166bf1890>', team='(null)'>
	<IDEDistributionContext: 0x2ecb3fe20; archive = '<IDEArchive: 0x16fc780c0>', distributionMethod='(null)', team='(null)'>
</IDEDistributionProcessingPipelineContext: 0x16e8fad40>
2020-11-26 21:32:04 +0000  Processing step: IDEDistributionCreateDestRootStep
2020-11-26 21:32:04 +0000  Processing step: IDEDistributionCopyItemStep
2020-11-26 21:32:04 +0000  Running /usr/bin/ditto '-V' '/Users/clementfloret/Library/Developer/Xcode/Archives/2020-11-26/Kana Torii 26-11-2020 22.27.xcarchive/Products/Applications/Kana Torii.app' '/var/folders/74/4r6nn9y95zg812cyf38n2wfh0000gn/T/XcodeDistPipeline.~~~bZQKem/Root/Payload/Kana Torii.app'
2020-11-26 21:32:04 +0000  >>> Copying /Users/clementfloret/Library/Developer/Xcode/Archives/2020-11-26/Kana Torii 26-11-2020 22.27.xcarchive/Products/Applications/Kana Torii.app 
2020-11-26 21:32:04 +0000  copying file ./_CodeSignature/CodeResources ... 
2020-11-26 21:32:04 +0000  37076 bytes for ./_CodeSignature/CodeResources
2020-11-26 21:32:04 +0000  copying file ./en.lproj/Main.strings ... 
2020-11-26 21:32:04 +0000  31060 bytes for ./en.lproj/Main.strings
2020-11-26 21:32:04 +0000  copying file ./en.lproj/Localizable.strings ... 
2020-11-26 21:32:04 +0000  2914 bytes for ./en.lproj/Localizable.strings
2020-11-26 21:32:04 +0000  copying file ./Kana_Torii.momd/VersionInfo.plist ... 
2020-11-26 21:32:04 +0000  207 bytes for ./Kana_Torii.momd/VersionInfo.plist
2020-11-26 21:32:04 +0000  copying file ./Kana_Torii.momd/Kana_Torii.mom ... 
2020-11-26 21:32:04 +0000  1566 bytes for ./Kana_Torii.momd/Kana_Torii.mom
2020-11-26 21:32:04 +0000  copying file ./Kana_Torii.momd/Kana_Torii.omo ... 
2020-11-26 21:32:04 +0000  2720 bytes for ./Kana_Torii.momd/Kana_Torii.omo
2020-11-26 21:32:04 +0000  copying file ./HiraganaRecognizer.mlmodelc/metadata.json ... 
2020-11-26 21:32:04 +0000  3544 bytes for ./HiraganaRecognizer.mlmodelc/metadata.json
2020-11-26 21:32:04 +0000  copying file ./HiraganaRecognizer.mlmodelc/model0/coremldata.bin ... 
2020-11-26 21:32:04 +0000  166 bytes for ./HiraganaRecognizer.mlmodelc/model0/coremldata.bin
2020-11-26 21:32:04 +0000  copying file ./HiraganaRecognizer.mlmodelc/model1/coremldata.bin ... 
2020-11-26 21:32:04 +0000  1690175 bytes for ./HiraganaRecognizer.mlmodelc/model1/coremldata.bin
2020-11-26 21:32:04 +0000  copying file ./HiraganaRecognizer.mlmodelc/coremldata.bin ... 
2020-11-26 21:32:04 +0000  572 bytes for ./HiraganaRecognizer.mlmodelc/coremldata.bin
2020-11-26 21:32:04 +0000  copying file ./HiraganaRecognizer.mlmodelc/analytics/coremldata.bin ... 
2020-11-26 21:32:04 +0000  215 bytes for ./HiraganaRecognizer.mlmodelc/analytics/coremldata.bin
2020-11-26 21:32:04 +0000  copying file ./AppIcon60x60@2x.png ... 
2020-11-26 21:32:04 +0000  11860 bytes for ./AppIcon60x60@2x.png
2020-11-26 21:32:04 +0000  copying file ./Base.lproj/Main.storyboardc/XFU-zS-SxD-view-eB2-ak-DiR.nib/runtime.nib ... 
2020-11-26 21:32:04 +0000  13508 bytes for ./Base.lproj/Main.storyboardc/XFU-zS-SxD-view-eB2-ak-DiR.nib/runtime.nib
2020-11-26 21:32:04 +0000  copying file ./Base.lproj/Main.storyboardc/XFU-zS-SxD-view-eB2-ak-DiR.nib/objects-14.0+.nib ... 
2020-11-26 21:32:04 +0000  13513 bytes for ./Base.lproj/Main.storyboardc/XFU-zS-SxD-view-eB2-ak-DiR.nib/objects-14.0+.nib
2020-11-26 21:32:04 +0000  copying file ./Base.lproj/Main.storyboardc/IhC-f9-5LY-view-A1M-hV-GCc.nib/runtime.nib ... 
2020-11-26 21:32:04 +0000  15888 bytes for ./Base.lproj/Main.storyboardc/IhC-f9-5LY-view-A1M-hV-GCc.nib/runtime.nib
2020-11-26 21:32:04 +0000  copying file ./Base.lproj/Main.storyboardc/IhC-f9-5LY-view-A1M-hV-GCc.nib/objects-14.0+.nib ... 
2020-11-26 21:32:04 +0000  14632 bytes for ./Base.lproj/Main.storyboardc/IhC-f9-5LY-view-A1M-hV-GCc.nib/objects-14.0+.nib
2020-11-26 21:32:04 +0000  copying file ./Base.lproj/Main.storyboardc/UIViewController-EZT-H6-5D4.nib/runtime.nib ... 
2020-11-26 21:32:04 +0000  2427 bytes for ./Base.lproj/Main.storyboardc/UIViewController-EZT-H6-5D4.nib/runtime.nib
2020-11-26 21:32:04 +0000  copying file ./Base.lproj/Main.storyboardc/UIViewController-EZT-H6-5D4.nib/objects-14.0+.nib ... 
2020-11-26 21:32:04 +0000  2420 bytes for ./Base.lproj/Main.storyboardc/UIViewController-EZT-H6-5D4.nib/objects-14.0+.nib
2020-11-26 21:32:04 +0000  copying file ./Base.lproj/Main.storyboardc/Gh4-01-IBt-view-4Xm-mY-ldB.nib/runtime.nib ... 
2020-11-26 21:32:04 +0000  10380 bytes for ./Base.lproj/Main.storyboardc/Gh4-01-IBt-view-4Xm-mY-ldB.nib/runtime.nib
2020-11-26 21:32:04 +0000  copying file ./Base.lproj/Main.storyboardc/Gh4-01-IBt-view-4Xm-mY-ldB.nib/objects-14.0+.nib ... 
2020-11-26 21:32:04 +0000  9295 bytes for ./Base.lproj/Main.storyboardc/Gh4-01-IBt-view-4Xm-mY-ldB.nib/objects-14.0+.nib
2020-11-26 21:32:04 +0000  copying file ./Base.lproj/Main.storyboardc/fdx-73-bc4-view-Wbb-1c-d3g.nib/runtime.nib ... 
2020-11-26 21:32:04 +0000  15381 bytes for ./Base.lproj/Main.storyboardc/fdx-73-bc4-view-Wbb-1c-d3g.nib/runtime.nib
2020-11-26 21:32:04 +0000  copying file ./Base.lproj/Main.storyboardc/fdx-73-bc4-view-Wbb-1c-d3g.nib/objects-14.0+.nib ... 
2020-11-26 21:32:04 +0000  14124 bytes for ./Base.lproj/Main.storyboardc/fdx-73-bc4-view-Wbb-1c-d3g.nib/objects-14.0+.nib
2020-11-26 21:32:04 +0000  copying file ./Base.lproj/Main.storyboardc/BqT-4D-v2A-view-wBn-4B-qLy.nib/runtime.nib ... 
2020-11-26 21:32:04 +0000  15941 bytes for ./Base.lproj/Main.storyboardc/BqT-4D-v2A-view-wBn-4B-qLy.nib/runtime.nib
2020-11-26 21:32:04 +0000  copying file ./Base.lproj/Main.storyboardc/BqT-4D-v2A-view-wBn-4B-qLy.nib/objects-14.0+.nib ... 
2020-11-26 21:32:04 +0000  14683 bytes for ./Base.lproj/Main.storyboardc/BqT-4D-v2A-view-wBn-4B-qLy.nib/objects-14.0+.nib
2020-11-26 21:32:04 +0000  copying file ./Base.lproj/Main.storyboardc/UITabBarController-4Dx-Qy-AHp.nib/runtime.nib ... 
2020-11-26 21:32:04 +0000  7458 bytes for ./Base.lproj/Main.storyboardc/UITabBarController-4Dx-Qy-AHp.nib/runtime.nib
2020-11-26 21:32:04 +0000  copying file ./Base.lproj/Main.storyboardc/UITabBarController-4Dx-Qy-AHp.nib/objects-14.0+.nib ... 
2020-11-26 21:32:04 +0000  7473 bytes for ./Base.lproj/Main.storyboardc/UITabBarController-4Dx-Qy-AHp.nib/objects-14.0+.nib
2020-11-26 21:32:04 +0000  copying file ./Base.lproj/Main.storyboardc/YSV-3D-gKG-view-HV5-B5-Vzd.nib/runtime.nib ... 
2020-11-26 21:32:04 +0000  40756 bytes for ./Base.lproj/Main.storyboardc/YSV-3D-gKG-view-HV5-B5-Vzd.nib/runtime.nib
2020-11-26 21:32:04 +0000  copying file ./Base.lproj/Main.storyboardc/YSV-3D-gKG-view-HV5-B5-Vzd.nib/objects-14.0+.nib ... 
2020-11-26 21:32:04 +0000  40764 bytes for ./Base.lproj/Main.storyboardc/YSV-3D-gKG-view-HV5-B5-Vzd.nib/objects-14.0+.nib
2020-11-26 21:32:04 +0000  copying file ./Base.lproj/Main.storyboardc/DetailKana.nib/runtime.nib ... 
2020-11-26 21:32:04 +0000  1999 bytes for ./Base.lproj/Main.storyboardc/DetailKana.nib/runtime.nib
2020-11-26 21:32:04 +0000  copying file ./Base.lproj/Main.storyboardc/DetailKana.nib/objects-14.0+.nib ... 
2020-11-26 21:32:04 +0000  1999 bytes for ./Base.lproj/Main.storyboardc/DetailKana.nib/objects-14.0+.nib
2020-11-26 21:32:04 +0000  copying file ./Base.lproj/Main.storyboardc/UIViewController-80f-a5-QiH.nib/runtime.nib ... 
2020-11-26 21:32:04 +0000  2235 bytes for ./Base.lproj/Main.storyboardc/UIViewController-80f-a5-QiH.nib/runtime.nib
2020-11-26 21:32:04 +0000  copying file ./Base.lproj/Main.storyboardc/UIViewController-80f-a5-QiH.nib/objects-14.0+.nib ... 
2020-11-26 21:32:04 +0000  2233 bytes for ./Base.lproj/Main.storyboardc/UIViewController-80f-a5-QiH.nib/objects-14.0+.nib
2020-11-26 21:32:04 +0000  copying file ./Base.lproj/Main.storyboardc/UIViewController-gtF-5O-35G.nib/runtime.nib ... 
2020-11-26 21:32:04 +0000  1407 bytes for ./Base.lproj/Main.storyboardc/UIViewController-gtF-5O-35G.nib/runtime.nib
2020-11-26 21:32:04 +0000  copying file ./Base.lproj/Main.storyboardc/UIViewController-gtF-5O-35G.nib/objects-14.0+.nib ... 
2020-11-26 21:32:04 +0000  1407 bytes for ./Base.lproj/Main.storyboardc/UIViewController-gtF-5O-35G.nib/objects-14.0+.nib
2020-11-26 21:32:04 +0000  copying file ./Base.lproj/Main.storyboardc/UIViewController-BqT-4D-v2A.nib/runtime.nib ... 
2020-11-26 21:32:04 +0000  2266 bytes for ./Base.lproj/Main.storyboardc/UIViewController-BqT-4D-v2A.nib/runtime.nib
2020-11-26 21:32:04 +0000  copying file ./Base.lproj/Main.storyboardc/UIViewController-BqT-4D-v2A.nib/objects-14.0+.nib ... 
2020-11-26 21:32:04 +0000  2267 bytes for ./Base.lproj/Main.storyboardc/UIViewController-BqT-4D-v2A.nib/objects-14.0+.nib
2020-11-26 21:32:04 +0000  copying file ./Base.lproj/Main.storyboardc/UIViewController-Cze-lR-MbY.nib/runtime.nib ... 
2020-11-26 21:32:04 +0000  1227 bytes for ./Base.lproj/Main.storyboardc/UIViewController-Cze-lR-MbY.nib/runtime.nib
2020-11-26 21:32:04 +0000  copying file ./Base.lproj/Main.storyboardc/UIViewController-Cze-lR-MbY.nib/objects-14.0+.nib ... 
2020-11-26 21:32:04 +0000  1227 bytes for ./Base.lproj/Main.storyboardc/UIViewController-Cze-lR-MbY.nib/objects-14.0+.nib
2020-11-26 21:32:04 +0000  copying file ./Base.lproj/Main.storyboardc/UIViewController-IhC-f9-5LY.nib/runtime.nib ... 
2020-11-26 21:32:04 +0000  2132 bytes for ./Base.lproj/Main.storyboardc/UIViewController-IhC-f9-5LY.nib/runtime.nib
2020-11-26 21:32:04 +0000  copying file ./Base.lproj/Main.storyboardc/UIViewController-IhC-f9-5LY.nib/objects-14.0+.nib ... 
2020-11-26 21:32:04 +0000  2132 bytes for ./Base.lproj/Main.storyboardc/UIViewController-IhC-f9-5LY.nib/objects-14.0+.nib
2020-11-26 21:32:04 +0000  copying file ./Base.lproj/Main.storyboardc/UIViewController-igl-QT-kZH.nib/runtime.nib ... 
2020-11-26 21:32:04 +0000  1458 bytes for ./Base.lproj/Main.storyboardc/UIViewController-igl-QT-kZH.nib/runtime.nib
2020-11-26 21:32:04 +0000  copying file ./Base.lproj/Main.storyboardc/UIViewController-igl-QT-kZH.nib/objects-14.0+.nib ... 
2020-11-26 21:32:04 +0000  1458 bytes for ./Base.lproj/Main.storyboardc/UIViewController-igl-QT-kZH.nib/objects-14.0+.nib
2020-11-26 21:32:04 +0000  copying file ./Base.lproj/Main.storyboardc/UIViewController-BYZ-38-t0r.nib/runtime.nib ... 
2020-11-26 21:32:04 +0000  1447 bytes for ./Base.lproj/Main.storyboardc/UIViewController-BYZ-38-t0r.nib/runtime.nib
2020-11-26 21:32:04 +0000  copying file ./Base.lproj/Main.storyboardc/UIViewController-BYZ-38-t0r.nib/objects-14.0+.nib ... 
2020-11-26 21:32:04 +0000  1447 bytes for ./Base.lproj/Main.storyboardc/UIViewController-BYZ-38-t0r.nib/objects-14.0+.nib
2020-11-26 21:32:04 +0000  copying file ./Base.lproj/Main.storyboardc/80f-a5-QiH-view-vtk-kf-68l.nib/runtime.nib ... 
2020-11-26 21:32:04 +0000  10721 bytes for ./Base.lproj/Main.storyboardc/80f-a5-QiH-view-vtk-kf-68l.nib/runtime.nib
2020-11-26 21:32:04 +0000  copying file ./Base.lproj/Main.storyboardc/80f-a5-QiH-view-vtk-kf-68l.nib/objects-14.0+.nib ... 
2020-11-26 21:32:04 +0000  10713 bytes for ./Base.lproj/Main.storyboardc/80f-a5-QiH-view-vtk-kf-68l.nib/objects-14.0+.nib
2020-11-26 21:32:04 +0000  copying file ./Base.lproj/Main.storyboardc/igl-QT-kZH-view-BH2-2S-yxr.nib/runtime.nib ... 
2020-11-26 21:32:04 +0000  13422 bytes for ./Base.lproj/Main.storyboardc/igl-QT-kZH-view-BH2-2S-yxr.nib/runtime.nib
2020-11-26 21:32:04 +0000  copying file ./Base.lproj/Main.storyboardc/igl-QT-kZH-view-BH2-2S-yxr.nib/objects-14.0+.nib ... 
2020-11-26 21:32:04 +0000  13422 bytes for ./Base.lproj/Main.storyboardc/igl-QT-kZH-view-BH2-2S-yxr.nib/objects-14.0+.nib
2020-11-26 21:32:04 +0000  copying file ./Base.lproj/Main.storyboardc/Cze-lR-MbY-view-EG9-VC-T15.nib/runtime.nib ... 
2020-11-26 21:32:04 +0000  8273 bytes for ./Base.lproj/Main.storyboardc/Cze-lR-MbY-view-EG9-VC-T15.nib/runtime.nib
2020-11-26 21:32:04 +0000  copying file ./Base.lproj/Main.storyboardc/Cze-lR-MbY-view-EG9-VC-T15.nib/objects-14.0+.nib ... 
2020-11-26 21:32:04 +0000  8272 bytes for ./Base.lproj/Main.storyboardc/Cze-lR-MbY-view-EG9-VC-T15.nib/objects-14.0+.nib
2020-11-26 21:32:04 +0000  copying file ./Base.lproj/Main.storyboardc/cQn-qh-xwP-view-39e-BT-AYC.nib/runtime.nib ... 
2020-11-26 21:32:04 +0000  8016 bytes for ./Base.lproj/Main.storyboardc/cQn-qh-xwP-view-39e-BT-AYC.nib/runtime.nib
2020-11-26 21:32:04 +0000  copying file ./Base.lproj/Main.storyboardc/cQn-qh-xwP-view-39e-BT-AYC.nib/objects-14.0+.nib ... 
2020-11-26 21:32:04 +0000  6785 bytes for ./Base.lproj/Main.storyboardc/cQn-qh-xwP-view-39e-BT-AYC.nib/objects-14.0+.nib
2020-11-26 21:32:04 +0000  copying file ./Base.lproj/Main.storyboardc/UIViewController-yds-G5-hgN.nib/runtime.nib ... 
2020-11-26 21:32:04 +0000  1223 bytes for ./Base.lproj/Main.storyboardc/UIViewController-yds-G5-hgN.nib/runtime.nib
2020-11-26 21:32:04 +0000  copying file ./Base.lproj/Main.storyboardc/UIViewController-yds-G5-hgN.nib/objects-14.0+.nib ... 
2020-11-26 21:32:04 +0000  1223 bytes for ./Base.lproj/Main.storyboardc/UIViewController-yds-G5-hgN.nib/objects-14.0+.nib
2020-11-26 21:32:04 +0000  copying file ./Base.lproj/Main.storyboardc/qdP-X3-04K-view-GsN-k3-yIu.nib/runtime.nib ... 
2020-11-26 21:32:04 +0000  9079 bytes for ./Base.lproj/Main.storyboardc/qdP-X3-04K-view-GsN-k3-yIu.nib/runtime.nib
2020-11-26 21:32:04 +0000  copying file ./Base.lproj/Main.storyboardc/qdP-X3-04K-view-GsN-k3-yIu.nib/objects-14.0+.nib ... 
2020-11-26 21:32:04 +0000  8119 bytes for ./Base.lproj/Main.storyboardc/qdP-X3-04K-view-GsN-k3-yIu.nib/objects-14.0+.nib
2020-11-26 21:32:04 +0000  copying file ./Base.lproj/Main.storyboardc/UIViewController-fdx-73-bc4.nib/runtime.nib ... 
2020-11-26 21:32:04 +0000  1461 bytes for ./Base.lproj/Main.storyboardc/UIViewController-fdx-73-bc4.nib/runtime.nib
2020-11-26 21:32:04 +0000  copying file ./Base.lproj/Main.storyboardc/UIViewController-fdx-73-bc4.nib/objects-14.0+.nib ... 
2020-11-26 21:32:04 +0000  1461 bytes for ./Base.lproj/Main.storyboardc/UIViewController-fdx-73-bc4.nib/objects-14.0+.nib
2020-11-26 21:32:04 +0000  copying file ./Base.lproj/Main.storyboardc/UIViewController-Gh4-01-IBt.nib/runtime.nib ... 
2020-11-26 21:32:04 +0000  1653 bytes for ./Base.lproj/Main.storyboardc/UIViewController-Gh4-01-IBt.nib/runtime.nib
2020-11-26 21:32:04 +0000  copying file ./Base.lproj/Main.storyboardc/UIViewController-Gh4-01-IBt.nib/objects-14.0+.nib ... 
2020-11-26 21:32:04 +0000  1653 bytes for ./Base.lproj/Main.storyboardc/UIViewController-Gh4-01-IBt.nib/objects-14.0+.nib
2020-11-26 21:32:04 +0000  copying file ./Base.lproj/Main.storyboardc/UIViewController-qdP-X3-04K.nib/runtime.nib ... 
2020-11-26 21:32:04 +0000  2035 bytes for ./Base.lproj/Main.storyboardc/UIViewController-qdP-X3-04K.nib/runtime.nib
2020-11-26 21:32:04 +0000  copying file ./Base.lproj/Main.storyboardc/UIViewController-qdP-X3-04K.nib/objects-14.0+.nib ... 
2020-11-26 21:32:04 +0000  2035 bytes for ./Base.lproj/Main.storyboardc/UIViewController-qdP-X3-04K.nib/objects-14.0+.nib
2020-11-26 21:32:04 +0000  copying file ./Base.lproj/Main.storyboardc/EZT-H6-5D4-view-rIX-xb-qP4.nib/runtime.nib ... 
2020-11-26 21:32:04 +0000  12308 bytes for ./Base.lproj/Main.storyboardc/EZT-H6-5D4-view-rIX-xb-qP4.nib/runtime.nib
2020-11-26 21:32:04 +0000  copying file ./Base.lproj/Main.storyboardc/EZT-H6-5D4-view-rIX-xb-qP4.nib/objects-14.0+.nib ... 
2020-11-26 21:32:04 +0000  11072 bytes for ./Base.lproj/Main.storyboardc/EZT-H6-5D4-view-rIX-xb-qP4.nib/objects-14.0+.nib
2020-11-26 21:32:04 +0000  copying file ./Base.lproj/Main.storyboardc/BYZ-38-t0r-view-8bC-Xf-vdC.nib/runtime.nib ... 
2020-11-26 21:32:04 +0000  10314 bytes for ./Base.lproj/Main.storyboardc/BYZ-38-t0r-view-8bC-Xf-vdC.nib/runtime.nib
2020-11-26 21:32:04 +0000  copying file ./Base.lproj/Main.storyboardc/BYZ-38-t0r-view-8bC-Xf-vdC.nib/objects-14.0+.nib ... 
2020-11-26 21:32:04 +0000  10316 bytes for ./Base.lproj/Main.storyboardc/BYZ-38-t0r-view-8bC-Xf-vdC.nib/objects-14.0+.nib
2020-11-26 21:32:04 +0000  copying file ./Base.lproj/Main.storyboardc/UIViewController-nKX-z6-RA5.nib/runtime.nib ... 
2020-11-26 21:32:04 +0000  2830 bytes for ./Base.lproj/Main.storyboardc/UIViewController-nKX-z6-RA5.nib/runtime.nib
2020-11-26 21:32:04 +0000  copying file ./Base.lproj/Main.storyboardc/UIViewController-nKX-z6-RA5.nib/objects-14.0+.nib ... 
2020-11-26 21:32:04 +0000  1936 bytes for ./Base.lproj/Main.storyboardc/UIViewController-nKX-z6-RA5.nib/objects-14.0+.nib
2020-11-26 21:32:04 +0000  copying file ./Base.lproj/Main.storyboardc/73J-OI-8sF-view-dxz-tn-d0e.nib/runtime.nib ... 
2020-11-26 21:32:04 +0000  40324 bytes for ./Base.lproj/Main.storyboardc/73J-OI-8sF-view-dxz-tn-d0e.nib/runtime.nib
2020-11-26 21:32:04 +0000  copying file ./Base.lproj/Main.storyboardc/73J-OI-8sF-view-dxz-tn-d0e.nib/objects-14.0+.nib ... 
2020-11-26 21:32:04 +0000  40319 bytes for ./Base.lproj/Main.storyboardc/73J-OI-8sF-view-dxz-tn-d0e.nib/objects-14.0+.nib
2020-11-26 21:32:04 +0000  copying file ./Base.lproj/Main.storyboardc/nKX-z6-RA5-view-9ah-cy-73T.nib/runtime.nib ... 
2020-11-26 21:32:04 +0000  10688 bytes for ./Base.lproj/Main.storyboardc/nKX-z6-RA5-view-9ah-cy-73T.nib/runtime.nib
2020-11-26 21:32:04 +0000  copying file ./Base.lproj/Main.storyboardc/nKX-z6-RA5-view-9ah-cy-73T.nib/objects-14.0+.nib ... 
2020-11-26 21:32:04 +0000  9137 bytes for ./Base.lproj/Main.storyboardc/nKX-z6-RA5-view-9ah-cy-73T.nib/objects-14.0+.nib
2020-11-26 21:32:04 +0000  copying file ./Base.lproj/Main.storyboardc/UIViewController-72O-MX-xed.nib/runtime.nib ... 
2020-11-26 21:32:04 +0000  2246 bytes for ./Base.lproj/Main.storyboardc/UIViewController-72O-MX-xed.nib/runtime.nib
2020-11-26 21:32:04 +0000  copying file ./Base.lproj/Main.storyboardc/UIViewController-72O-MX-xed.nib/objects-14.0+.nib ... 
2020-11-26 21:32:04 +0000  2243 bytes for ./Base.lproj/Main.storyboardc/UIViewController-72O-MX-xed.nib/objects-14.0+.nib
2020-11-26 21:32:04 +0000  copying file ./Base.lproj/Main.storyboardc/gtF-5O-35G-view-nx0-At-28w.nib/runtime.nib ... 
2020-11-26 21:32:04 +0000  6051 bytes for ./Base.lproj/Main.storyboardc/gtF-5O-35G-view-nx0-At-28w.nib/runtime.nib
2020-11-26 21:32:04 +0000  copying file ./Base.lproj/Main.storyboardc/gtF-5O-35G-view-nx0-At-28w.nib/objects-14.0+.nib ... 
2020-11-26 21:32:04 +0000  6046 bytes for ./Base.lproj/Main.storyboardc/gtF-5O-35G-view-nx0-At-28w.nib/objects-14.0+.nib
2020-11-26 21:32:04 +0000  copying file ./Base.lproj/Main.storyboardc/UIViewController-toq-hZ-R6I.nib/runtime.nib ... 
2020-11-26 21:32:04 +0000  1307 bytes for ./Base.lproj/Main.storyboardc/UIViewController-toq-hZ-R6I.nib/runtime.nib
2020-11-26 21:32:04 +0000  copying file ./Base.lproj/Main.storyboardc/UIViewController-toq-hZ-R6I.nib/objects-14.0+.nib ... 
2020-11-26 21:32:04 +0000  1307 bytes for ./Base.lproj/Main.storyboardc/UIViewController-toq-hZ-R6I.nib/objects-14.0+.nib
2020-11-26 21:32:04 +0000  copying file ./Base.lproj/Main.storyboardc/9Te-3f-K0G-view-PMt-rA-DlN.nib/runtime.nib ... 
2020-11-26 21:32:04 +0000  16565 bytes for ./Base.lproj/Main.storyboardc/9Te-3f-K0G-view-PMt-rA-DlN.nib/runtime.nib
2020-11-26 21:32:04 +0000  copying file ./Base.lproj/Main.storyboardc/9Te-3f-K0G-view-PMt-rA-DlN.nib/objects-14.0+.nib ... 
2020-11-26 21:32:04 +0000  15031 bytes for ./Base.lproj/Main.storyboardc/9Te-3f-K0G-view-PMt-rA-DlN.nib/objects-14.0+.nib
2020-11-26 21:32:04 +0000  copying file ./Base.lproj/Main.storyboardc/UIViewController-eHp-tV-j7Q.nib/runtime.nib ... 
2020-11-26 21:32:04 +0000  2058 bytes for ./Base.lproj/Main.storyboardc/UIViewController-eHp-tV-j7Q.nib/runtime.nib
2020-11-26 21:32:04 +0000  copying file ./Base.lproj/Main.storyboardc/UIViewController-eHp-tV-j7Q.nib/objects-14.0+.nib ... 
2020-11-26 21:32:04 +0000  2058 bytes for ./Base.lproj/Main.storyboardc/UIViewController-eHp-tV-j7Q.nib/objects-14.0+.nib
2020-11-26 21:32:04 +0000  copying file ./Base.lproj/Main.storyboardc/Veh-9p-w2n-view-Oek-ta-NxP.nib/runtime.nib ... 
2020-11-26 21:32:04 +0000  7646 bytes for ./Base.lproj/Main.storyboardc/Veh-9p-w2n-view-Oek-ta-NxP.nib/runtime.nib
2020-11-26 21:32:04 +0000  copying file ./Base.lproj/Main.storyboardc/Veh-9p-w2n-view-Oek-ta-NxP.nib/objects-14.0+.nib ... 
2020-11-26 21:32:04 +0000  7639 bytes for ./Base.lproj/Main.storyboardc/Veh-9p-w2n-view-Oek-ta-NxP.nib/objects-14.0+.nib
2020-11-26 21:32:04 +0000  copying file ./Base.lproj/Main.storyboardc/72O-MX-xed-view-HJP-oJ-LaX.nib/runtime.nib ... 
2020-11-26 21:32:04 +0000  14039 bytes for ./Base.lproj/Main.storyboardc/72O-MX-xed-view-HJP-oJ-LaX.nib/runtime.nib
2020-11-26 21:32:04 +0000  copying file ./Base.lproj/Main.storyboardc/72O-MX-xed-view-HJP-oJ-LaX.nib/objects-14.0+.nib ... 
2020-11-26 21:32:04 +0000  14043 bytes for ./Base.lproj/Main.storyboardc/72O-MX-xed-view-HJP-oJ-LaX.nib/objects-14.0+.nib
2020-11-26 21:32:04 +0000  copying file ./Base.lproj/Main.storyboardc/Info.plist ... 
2020-11-26 21:32:04 +0000  1425 bytes for ./Base.lproj/Main.storyboardc/Info.plist
2020-11-26 21:32:04 +0000  copying file ./Base.lproj/Main.storyboardc/fla-k0-27H-view-HM3-oR-DJI.nib/runtime.nib ... 
2020-11-26 21:32:04 +0000  14731 bytes for ./Base.lproj/Main.storyboardc/fla-k0-27H-view-HM3-oR-DJI.nib/runtime.nib
2020-11-26 21:32:04 +0000  copying file ./Base.lproj/Main.storyboardc/fla-k0-27H-view-HM3-oR-DJI.nib/objects-14.0+.nib ... 
2020-11-26 21:32:04 +0000  14726 bytes for ./Base.lproj/Main.storyboardc/fla-k0-27H-view-HM3-oR-DJI.nib/objects-14.0+.nib
2020-11-26 21:32:04 +0000  copying file ./Base.lproj/Main.storyboardc/UIViewController-XFU-zS-SxD.nib/runtime.nib ... 
2020-11-26 21:32:04 +0000  1466 bytes for ./Base.lproj/Main.storyboardc/UIViewController-XFU-zS-SxD.nib/runtime.nib
2020-11-26 21:32:04 +0000  copying file ./Base.lproj/Main.storyboardc/UIViewController-XFU-zS-SxD.nib/objects-14.0+.nib ... 
2020-11-26 21:32:04 +0000  1466 bytes for ./Base.lproj/Main.storyboardc/UIViewController-XFU-zS-SxD.nib/objects-14.0+.nib
2020-11-26 21:32:04 +0000  copying file ./Base.lproj/Main.storyboardc/yds-G5-hgN-view-lzO-rV-pkU.nib/runtime.nib ... 
2020-11-26 21:32:04 +0000  7766 bytes for ./Base.lproj/Main.storyboardc/yds-G5-hgN-view-lzO-rV-pkU.nib/runtime.nib
2020-11-26 21:32:04 +0000  copying file ./Base.lproj/Main.storyboardc/yds-G5-hgN-view-lzO-rV-pkU.nib/objects-14.0+.nib ... 
2020-11-26 21:32:04 +0000  7770 bytes for ./Base.lproj/Main.storyboardc/yds-G5-hgN-view-lzO-rV-pkU.nib/objects-14.0+.nib
2020-11-26 21:32:04 +0000  copying file ./Base.lproj/Main.storyboardc/toq-hZ-R6I-view-LSK-zZ-6Dc.nib/runtime.nib ... 
2020-11-26 21:32:04 +0000  6256 bytes for ./Base.lproj/Main.storyboardc/toq-hZ-R6I-view-LSK-zZ-6Dc.nib/runtime.nib
2020-11-26 21:32:04 +0000  copying file ./Base.lproj/Main.storyboardc/toq-hZ-R6I-view-LSK-zZ-6Dc.nib/objects-14.0+.nib ... 
2020-11-26 21:32:04 +0000  6251 bytes for ./Base.lproj/Main.storyboardc/toq-hZ-R6I-view-LSK-zZ-6Dc.nib/objects-14.0+.nib
2020-11-26 21:32:04 +0000  copying file ./Base.lproj/Main.storyboardc/eHp-tV-j7Q-view-Dwx-vi-bCw.nib/runtime.nib ... 
2020-11-26 21:32:04 +0000  9323 bytes for ./Base.lproj/Main.storyboardc/eHp-tV-j7Q-view-Dwx-vi-bCw.nib/runtime.nib
2020-11-26 21:32:04 +0000  copying file ./Base.lproj/Main.storyboardc/eHp-tV-j7Q-view-Dwx-vi-bCw.nib/objects-14.0+.nib ... 
2020-11-26 21:32:04 +0000  8357 bytes for ./Base.lproj/Main.storyboardc/eHp-tV-j7Q-view-Dwx-vi-bCw.nib/objects-14.0+.nib
2020-11-26 21:32:04 +0000  copying file ./Base.lproj/LaunchScreen.storyboardc/01J-lp-oVM-view-Ze5-6b-2t3.nib ... 
2020-11-26 21:32:04 +0000  2816 bytes for ./Base.lproj/LaunchScreen.storyboardc/01J-lp-oVM-view-Ze5-6b-2t3.nib
2020-11-26 21:32:04 +0000  copying file ./Base.lproj/LaunchScreen.storyboardc/UIViewController-01J-lp-oVM.nib ... 
2020-11-26 21:32:04 +0000  896 bytes for ./Base.lproj/LaunchScreen.storyboardc/UIViewController-01J-lp-oVM.nib
2020-11-26 21:32:04 +0000  copying file ./Base.lproj/LaunchScreen.storyboardc/Info.plist ... 
2020-11-26 21:32:04 +0000  258 bytes for ./Base.lproj/LaunchScreen.storyboardc/Info.plist
2020-11-26 21:32:04 +0000  copying file ./Correct Beep.mp3 ... 
2020-11-26 21:32:04 +0000  17664 bytes for ./Correct Beep.mp3
2020-11-26 21:32:04 +0000  copying file ./Assets.car ... 
2020-11-26 21:32:04 +0000  39002304 bytes for ./Assets.car
2020-11-26 21:32:04 +0000  copying file ./AppIcon76x76@2x~ipad.png ... 
15001 bytes for ./AppIcon76x76@2x~ipad.png
copying file ./Wrong Beep.mp3 ... 
2020-11-26 21:32:04 +0000  14559 bytes for ./Wrong Beep.mp3
2020-11-26 21:32:04 +0000  copying file ./Kana Torii ... 
2020-11-26 21:32:04 +0000  4397696 bytes for ./Kana Torii
2020-11-26 21:32:04 +0000  copying file ./fr.lproj/LaunchScreen.strings ... 
1 bytes for ./fr.lproj/LaunchScreen.strings
copying file ./fr.lproj/Main.strings ... 
2020-11-26 21:32:04 +0000  31592 bytes for ./fr.lproj/Main.strings
2020-11-26 21:32:04 +0000  copying file ./fr.lproj/Localizable.strings ... 
2020-11-26 21:32:04 +0000  5225 bytes for ./fr.lproj/Localizable.strings
2020-11-26 21:32:04 +0000  copying file ./Frameworks/GradientButtonSwift.framework/_CodeSignature/CodeResources ... 
2020-11-26 21:32:04 +0000  1798 bytes for ./Frameworks/GradientButtonSwift.framework/_CodeSignature/CodeResources
2020-11-26 21:32:04 +0000  copying file ./Frameworks/GradientButtonSwift.framework/GradientButtonSwift ... 
2020-11-26 21:32:04 +0000  224128 bytes for ./Frameworks/GradientButtonSwift.framework/GradientButtonSwift
2020-11-26 21:32:04 +0000  copying file ./Frameworks/GradientButtonSwift.framework/Info.plist ... 
2020-11-26 21:32:04 +0000  761 bytes for ./Frameworks/GradientButtonSwift.framework/Info.plist
2020-11-26 21:32:04 +0000  copying file ./embedded.mobileprovision ... 
2020-11-26 21:32:04 +0000  9357 bytes for ./embedded.mobileprovision
2020-11-26 21:32:04 +0000  copying file ./Info.plist ... 
2020-11-26 21:32:04 +0000  1750 bytes for ./Info.plist
2020-11-26 21:32:04 +0000  copying file ./PkgInfo ... 
2020-11-26 21:32:04 +0000  8 bytes for ./PkgInfo
2020-11-26 21:32:04 +0000  /usr/bin/ditto exited with 0
2020-11-26 21:32:04 +0000  Processing step: IDEDistributionEmbedProfileStep
2020-11-26 21:32:04 +0000  Skipping profile for item: <IDEDistributionItem: 0x2ecbcae40; bundleID='org.cocoapods.GradientButtonSwift', path='<DVTFilePath:0x16ef7f260:'/Users/clementfloret/Library/Developer/Xcode/Archives/2020-11-26/Kana Torii 26-11-2020 22.27.xcarchive/Products/Applications/Kana Torii.app/Frameworks/GradientButtonSwift.framework'>', codeSigningInfo='<_DVTCodeSigningInformation_Path: 0x2ecbcad10; isSigned='1', isAdHocSigned='0', signingCertificate='<DVTSigningCertificate: 0x12e1de1f0; name='Apple Development: Clement FLORET (89A4997RZJ)', hash='317790F162D575364CAD9DA091B628B964D71E11', serialNumber='<DVTSigningCertificateSerialNumber: 0x2ecc08690>', certificateKinds='(
    "1.2.840.113635.100.6.1.12",
    "1.2.840.113635.100.6.1.2"
), issueDate='2020-11-26 16:22:45 +0000''>', entitlements='(null)', teamID='X56656LMAV', identifier='org.cocoapods.GradientButtonSwift', executablePath='<DVTFilePath:0x12e284e20:'/Users/clementfloret/Library/Developer/Xcode/Archives/2020-11-26/Kana Torii 26-11-2020 22.27.xcarchive/Products/Applications/Kana Torii.app/Frameworks/GradientButtonSwift.framework/GradientButtonSwift'>', hardenedRuntime='0'>'>
2020-11-26 21:32:04 +0000  Processing step: IDEDistributionInfoPlistStep
2020-11-26 21:32:04 +0000  Skipping step: IDEDistributionInfoPlistStep because it said so
2020-11-26 21:32:04 +0000  Skipping step: IDEDistributionInfoPlistStep because it said so
2020-11-26 21:32:04 +0000  Processing step: IDEDistributionItemRemovalStep
2020-11-26 21:32:04 +0000  Processing step: IDEDistributionAppThinningPlistStep
2020-11-26 21:32:04 +0000  Skipping step: IDEDistributionAppThinningPlistStep because it said so
2020-11-26 21:32:04 +0000  Processing step: IDEDistributionCompileBitcodeStep
2020-11-26 21:32:04 +0000  Skipping step: IDEDistributionCompileBitcodeStep because it said so
2020-11-26 21:32:04 +0000  Processing step: IDEDistributionCodeSlimmingStep
2020-11-26 21:32:04 +0000  Running /Applications/Xcode.app/Contents/Developer/Toolchains/XcodeDefault.xctoolchain/usr/bin/bitcode_strip '/var/folders/74/4r6nn9y95zg812cyf38n2wfh0000gn/T/XcodeDistPipeline.~~~bZQKem/Root/Payload/Kana Torii.app/Frameworks/GradientButtonSwift.framework/GradientButtonSwift' '-l' '-o' '/var/folders/74/4r6nn9y95zg812cyf38n2wfh0000gn/T/XcodeDistPipeline.~~~bZQKem/Root/Payload/Kana Torii.app/Frameworks/GradientButtonSwift.framework/GradientButtonSwift'
2020-11-26 21:32:04 +0000  /Applications/Xcode.app/Contents/Developer/Toolchains/XcodeDefault.xctoolchain/usr/bin/bitcode_strip exited with 0
2020-11-26 21:32:04 +0000  Running /Applications/Xcode.app/Contents/Developer/Toolchains/XcodeDefault.xctoolchain/usr/bin/bitcode_strip '/var/folders/74/4r6nn9y95zg812cyf38n2wfh0000gn/T/XcodeDistPipeline.~~~bZQKem/Root/Payload/Kana Torii.app/Kana Torii' '-l' '-o' '/var/folders/74/4r6nn9y95zg812cyf38n2wfh0000gn/T/XcodeDistPipeline.~~~bZQKem/Root/Payload/Kana Torii.app/Kana Torii'
2020-11-26 21:32:04 +0000  /Applications/Xcode.app/Contents/Developer/Toolchains/XcodeDefault.xctoolchain/usr/bin/bitcode_strip exited with 0
2020-11-26 21:32:04 +0000  Processing step: IDEDistributionCopyBCSymbolMapsStep
2020-11-26 21:32:04 +0000  Running /usr/bin/ditto '-V' '/Users/clementfloret/Library/Developer/Xcode/Archives/2020-11-26/Kana Torii 26-11-2020 22.27.xcarchive/BCSymbolMaps/C75B6BAA-E759-3C63-98CE-7EBC0057659C.bcsymbolmap' '/var/folders/74/4r6nn9y95zg812cyf38n2wfh0000gn/T/XcodeDistPipeline.~~~bZQKem/Root/BCSymbolMaps/C75B6BAA-E759-3C63-98CE-7EBC0057659C.bcsymbolmap'
2020-11-26 21:32:04 +0000  >>> Copying /Users/clementfloret/Library/Developer/Xcode/Archives/2020-11-26/Kana Torii 26-11-2020 22.27.xcarchive/BCSymbolMaps/C75B6BAA-E759-3C63-98CE-7EBC0057659C.bcsymbolmap 
2020-11-26 21:32:04 +0000  copying file ./C75B6BAA-E759-3C63-98CE-7EBC0057659C.bcsymbolmap ... 
2020-11-26 21:32:04 +0000  35871 bytes for ./C75B6BAA-E759-3C63-98CE-7EBC0057659C.bcsymbolmap
2020-11-26 21:32:04 +0000  /usr/bin/ditto exited with 0
2020-11-26 21:32:04 +0000  Running /usr/bin/ditto '-V' '/Users/clementfloret/Library/Developer/Xcode/Archives/2020-11-26/Kana Torii 26-11-2020 22.27.xcarchive/BCSymbolMaps/154EBF9A-9302-3C4E-848F-FF04ECEEB3DF.bcsymbolmap' '/var/folders/74/4r6nn9y95zg812cyf38n2wfh0000gn/T/XcodeDistPipeline.~~~bZQKem/Root/BCSymbolMaps/154EBF9A-9302-3C4E-848F-FF04ECEEB3DF.bcsymbolmap'
2020-11-26 21:32:04 +0000  >>> Copying /Users/clementfloret/Library/Developer/Xcode/Archives/2020-11-26/Kana Torii 26-11-2020 22.27.xcarchive/BCSymbolMaps/154EBF9A-9302-3C4E-848F-FF04ECEEB3DF.bcsymbolmap 
2020-11-26 21:32:04 +0000  copying file ./154EBF9A-9302-3C4E-848F-FF04ECEEB3DF.bcsymbolmap ... 
2020-11-26 21:32:04 +0000  364449 bytes for ./154EBF9A-9302-3C4E-848F-FF04ECEEB3DF.bcsymbolmap
2020-11-26 21:32:04 +0000  /usr/bin/ditto exited with 0
2020-11-26 21:32:04 +0000  Processing step: IDEDistributionSymbolsStep
2020-11-26 21:32:04 +0000  Excluding symbols for GradientButtonSwift.framework
2020-11-26 21:32:04 +0000  Excluding symbols for Kana Torii.app
2020-11-26 21:32:04 +0000  Processing step: IDEDistributionCopyAppleProvidedContentStep
2020-11-26 21:32:04 +0000  Processing step: IDEDistributionAppThinningStep
2020-11-26 21:32:04 +0000  Skipping step: IDEDistributionAppThinningStep because it said so
2020-11-26 21:32:04 +0000  Processing step: IDEDistributionArchThinningStep
2020-11-26 21:32:04 +0000  Running /Applications/Xcode.app/Contents/Developer/Toolchains/XcodeDefault.xctoolchain/usr/bin/lipo '/var/folders/74/4r6nn9y95zg812cyf38n2wfh0000gn/T/XcodeDistPipeline.~~~bZQKem/Root/Payload/Kana Torii.app/Frameworks/GradientButtonSwift.framework/GradientButtonSwift' '-verify_arch' 'arm64e'
2020-11-26 21:32:04 +0000  /Applications/Xcode.app/Contents/Developer/Toolchains/XcodeDefault.xctoolchain/usr/bin/lipo exited with 1
2020-11-26 21:32:04 +0000  Skipping architecture thinning for item "GradientButtonSwift" because arch "arm64e" wasn't found
2020-11-26 21:32:04 +0000  Running /Applications/Xcode.app/Contents/Developer/Toolchains/XcodeDefault.xctoolchain/usr/bin/lipo '/var/folders/74/4r6nn9y95zg812cyf38n2wfh0000gn/T/XcodeDistPipeline.~~~bZQKem/Root/Payload/Kana Torii.app/Kana Torii' '-verify_arch' 'arm64e'
2020-11-26 21:32:04 +0000  /Applications/Xcode.app/Contents/Developer/Toolchains/XcodeDefault.xctoolchain/usr/bin/lipo exited with 1
2020-11-26 21:32:04 +0000  Skipping architecture thinning for item "Kana Torii" because arch "arm64e" wasn't found
2020-11-26 21:32:04 +0000  Processing step: IDEDistributionODRStep
2020-11-26 21:32:04 +0000  Processing step: IDEDistributionStripXattrsStep
2020-11-26 21:32:04 +0000  Skipping stripping extended attributes of item: <IDEDistributionItem: 0x2ecbcae40; bundleID='org.cocoapods.GradientButtonSwift', path='<DVTFilePath:0x16ef7f260:'/Users/clementfloret/Library/Developer/Xcode/Archives/2020-11-26/Kana Torii 26-11-2020 22.27.xcarchive/Products/Applications/Kana Torii.app/Frameworks/GradientButtonSwift.framework'>', codeSigningInfo='<_DVTCodeSigningInformation_Path: 0x2ecbcad10; isSigned='1', isAdHocSigned='0', signingCertificate='<DVTSigningCertificate: 0x16ef6a140; name='Apple Development: Clement FLORET (89A4997RZJ)', hash='317790F162D575364CAD9DA091B628B964D71E11', serialNumber='<DVTSigningCertificateSerialNumber: 0x15df3bf90>', certificateKinds='(
    "1.2.840.113635.100.6.1.12",
    "1.2.840.113635.100.6.1.2"
), issueDate='2020-11-26 16:22:45 +0000''>', entitlements='(null)', teamID='X56656LMAV', identifier='org.cocoapods.GradientButtonSwift', executablePath='<DVTFilePath:0x12e284e20:'/Users/clementfloret/Library/Developer/Xcode/Archives/2020-11-26/Kana Torii 26-11-2020 22.27.xcarchive/Products/Applications/Kana Torii.app/Frameworks/GradientButtonSwift.framework/GradientButtonSwift'>', hardenedRuntime='0'>'>
2020-11-26 21:32:04 +0000  Running /usr/bin/xattr '-crs' '/var/folders/74/4r6nn9y95zg812cyf38n2wfh0000gn/T/XcodeDistPipeline.~~~bZQKem/Root/Payload/Kana Torii.app'
2020-11-26 21:32:05 +0000  /usr/bin/xattr exited with 0
2020-11-26 21:32:05 +0000  Processing step: IDEDistributionCodesignStep
2020-11-26 21:32:05 +0000  Entitlements for <IDEDistributionItem: 0x2ecbcae40; bundleID='org.cocoapods.GradientButtonSwift', path='<DVTFilePath:0x16ef7f260:'/Users/clementfloret/Library/Developer/Xcode/Archives/2020-11-26/Kana Torii 26-11-2020 22.27.xcarchive/Products/Applications/Kana Torii.app/Frameworks/GradientButtonSwift.framework'>', codeSigningInfo='<_DVTCodeSigningInformation_Path: 0x2ecbcad10; isSigned='1', isAdHocSigned='0', signingCertificate='<DVTSigningCertificate: 0x2ed544600; name='Apple Development: Clement FLORET (89A4997RZJ)', hash='317790F162D575364CAD9DA091B628B964D71E11', serialNumber='<DVTSigningCertificateSerialNumber: 0x2ed4bf1b0>', certificateKinds='(
    "1.2.840.113635.100.6.1.12",
    "1.2.840.113635.100.6.1.2"
), issueDate='2020-11-26 16:22:45 +0000''>', entitlements='(null)', teamID='X56656LMAV', identifier='org.cocoapods.GradientButtonSwift', executablePath='<DVTFilePath:0x12e284e20:'/Users/clementfloret/Library/Developer/Xcode/Archives/2020-11-26/Kana Torii 26-11-2020 22.27.xcarchive/Products/Applications/Kana Torii.app/Frameworks/GradientButtonSwift.framework/GradientButtonSwift'>', hardenedRuntime='0'>'>: {
}
2020-11-26 21:32:05 +0000  Writing entitlements for <IDEDistributionItem: 0x2ecbcae40; bundleID='org.cocoapods.GradientButtonSwift', path='<DVTFilePath:0x16ef7f260:'/Users/clementfloret/Library/Developer/Xcode/Archives/2020-11-26/Kana Torii 26-11-2020 22.27.xcarchive/Products/Applications/Kana Torii.app/Frameworks/GradientButtonSwift.framework'>', codeSigningInfo='<_DVTCodeSigningInformation_Path: 0x2ecbcad10; isSigned='1', isAdHocSigned='0', signingCertificate='<DVTSigningCertificate: 0x16fa3c7f0; name='Apple Development: Clement FLORET (89A4997RZJ)', hash='317790F162D575364CAD9DA091B628B964D71E11', serialNumber='<DVTSigningCertificateSerialNumber: 0x15df09710>', certificateKinds='(
    "1.2.840.113635.100.6.1.12",
    "1.2.840.113635.100.6.1.2"
), issueDate='2020-11-26 16:22:45 +0000''>', entitlements='(null)', teamID='X56656LMAV', identifier='org.cocoapods.GradientButtonSwift', executablePath='<DVTFilePath:0x12e284e20:'/Users/clementfloret/Library/Developer/Xcode/Archives/2020-11-26/Kana Torii 26-11-2020 22.27.xcarchive/Products/Applications/Kana Torii.app/Frameworks/GradientButtonSwift.framework/GradientButtonSwift'>', hardenedRuntime='0'>'> to: /var/folders/74/4r6nn9y95zg812cyf38n2wfh0000gn/T/XcodeDistPipeline.~~~bZQKem/entitlements~~~idoPDl
2020-11-26 21:32:05 +0000  Running /usr/bin/codesign '-vvv' '--force' '--sign' '5A6594DFA6C7D36F808B43AB69ACA1C3150D8B35' '--entitlements' '/var/folders/74/4r6nn9y95zg812cyf38n2wfh0000gn/T/XcodeDistPipeline.~~~bZQKem/entitlements~~~idoPDl' '--preserve-metadata=identifier,flags,runtime' '/var/folders/74/4r6nn9y95zg812cyf38n2wfh0000gn/T/XcodeDistPipeline.~~~bZQKem/Root/Payload/Kana Torii.app/Frameworks/GradientButtonSwift.framework'
2020-11-26 21:32:18 +0000  /var/folders/74/4r6nn9y95zg812cyf38n2wfh0000gn/T/XcodeDistPipeline.~~~bZQKem/Root/Payload/Kana Torii.app/Frameworks/GradientButtonSwift.framework: signed bundle with Mach-O universal (arm64) [org.cocoapods.GradientButtonSwift]
2020-11-26 21:32:18 +0000  /usr/bin/codesign exited with 0
2020-11-26 21:32:18 +0000  Entitlements for <IDEDistributionItem: 0x2ecbd48c0; bundleID='fr.clementfloret.Kana-Torii', path='<DVTFilePath:0x16e798e80:'/Users/clementfloret/Library/Developer/Xcode/Archives/2020-11-26/Kana Torii 26-11-2020 22.27.xcarchive/Products/Applications/Kana Torii.app'>', codeSigningInfo='<_DVTCodeSigningInformation_Path: 0x2ecba0a40; isSigned='1', isAdHocSigned='0', signingCertificate='<DVTSigningCertificate: 0x2ed544370; name='Apple Development: Clement FLORET (89A4997RZJ)', hash='317790F162D575364CAD9DA091B628B964D71E11', serialNumber='<DVTSigningCertificateSerialNumber: 0x2ed447440>', certificateKinds='(
    "1.2.840.113635.100.6.1.12",
    "1.2.840.113635.100.6.1.2"
), issueDate='2020-11-26 16:22:45 +0000''>', entitlements='{
    "application-identifier" = "X56656LMAV.fr.clementfloret.Kana-Torii";
    "com.apple.developer.team-identifier" = X56656LMAV;
    "get-task-allow" = 1;
    "keychain-access-groups" =     (
        "X56656LMAV.fr.clementfloret.Kana-Torii"
    );
}', teamID='X56656LMAV', identifier='fr.clementfloret.Kana-Torii', executablePath='<DVTFilePath:0x2ed49d4e0:'/Users/clementfloret/Library/Developer/Xcode/Archives/2020-11-26/Kana Torii 26-11-2020 22.27.xcarchive/Products/Applications/Kana Torii.app/Kana Torii'>', hardenedRuntime='0'>'>: {
    "application-identifier" = "X56656LMAV.fr.clementfloret.Kana-Torii";
    "beta-reports-active" = 1;
    "com.apple.developer.team-identifier" = X56656LMAV;
    "get-task-allow" = 0;
    "keychain-access-groups" =     (
        "X56656LMAV.fr.clementfloret.Kana-Torii"
    );
}
2020-11-26 21:32:18 +0000  Writing entitlements for <IDEDistributionItem: 0x2ecbd48c0; bundleID='fr.clementfloret.Kana-Torii', path='<DVTFilePath:0x16e798e80:'/Users/clementfloret/Library/Developer/Xcode/Archives/2020-11-26/Kana Torii 26-11-2020 22.27.xcarchive/Products/Applications/Kana Torii.app'>', codeSigningInfo='<_DVTCodeSigningInformation_Path: 0x2ecba0a40; isSigned='1', isAdHocSigned='0', signingCertificate='<DVTSigningCertificate: 0x2ecc19270; name='Apple Development: Clement FLORET (89A4997RZJ)', hash='317790F162D575364CAD9DA091B628B964D71E11', serialNumber='<DVTSigningCertificateSerialNumber: 0x16fdca4e0>', certificateKinds='(
    "1.2.840.113635.100.6.1.12",
    "1.2.840.113635.100.6.1.2"
), issueDate='2020-11-26 16:22:45 +0000''>', entitlements='{
    "application-identifier" = "X56656LMAV.fr.clementfloret.Kana-Torii";
    "com.apple.developer.team-identifier" = X56656LMAV;
    "get-task-allow" = 1;
    "keychain-access-groups" =     (
        "X56656LMAV.fr.clementfloret.Kana-Torii"
    );
}', teamID='X56656LMAV', identifier='fr.clementfloret.Kana-Torii', executablePath='<DVTFilePath:0x2ed49d4e0:'/Users/clementfloret/Library/Developer/Xcode/Archives/2020-11-26/Kana Torii 26-11-2020 22.27.xcarchive/Products/Applications/Kana Torii.app/Kana Torii'>', hardenedRuntime='0'>'> to: /var/folders/74/4r6nn9y95zg812cyf38n2wfh0000gn/T/XcodeDistPipeline.~~~bZQKem/entitlements~~~bhFZLe
2020-11-26 21:32:18 +0000  Running /usr/bin/codesign '-vvv' '--force' '--sign' '5A6594DFA6C7D36F808B43AB69ACA1C3150D8B35' '--entitlements' '/var/folders/74/4r6nn9y95zg812cyf38n2wfh0000gn/T/XcodeDistPipeline.~~~bZQKem/entitlements~~~bhFZLe' '--preserve-metadata=identifier,flags,runtime' '/var/folders/74/4r6nn9y95zg812cyf38n2wfh0000gn/T/XcodeDistPipeline.~~~bZQKem/Root/Payload/Kana Torii.app'
2020-11-26 21:32:29 +0000  /var/folders/74/4r6nn9y95zg812cyf38n2wfh0000gn/T/XcodeDistPipeline.~~~bZQKem/Root/Payload/Kana Torii.app: signed app bundle with Mach-O thin (arm64) [fr.clementfloret.Kana-Torii]
2020-11-26 21:32:29 +0000  /usr/bin/codesign exited with 0
2020-11-26 21:32:29 +0000  Processing step: IDEDistributionZipODRItemStep
2020-11-26 21:32:29 +0000  Skipping step: IDEDistributionZipODRItemStep because it said so
2020-11-26 21:32:29 +0000  Skipping step: IDEDistributionZipODRItemStep because it said so
2020-11-26 21:32:29 +0000  Processing step: IDEDistributionCreateIPAStep
2020-11-26 21:32:29 +0000  Running /usr/bin/ditto '-V' '-c' '-k' '--norsrc' '/var/folders/74/4r6nn9y95zg812cyf38n2wfh0000gn/T/XcodeDistPipeline.~~~bZQKem/Root' '/var/folders/74/4r6nn9y95zg812cyf38n2wfh0000gn/T/XcodeDistPipeline.~~~bZQKem/Packages/Kana Torii.ipa'
2020-11-26 21:32:29 +0000  >>> Copying /var/folders/74/4r6nn9y95zg812cyf38n2wfh0000gn/T/XcodeDistPipeline.~~~bZQKem/Root 
2020-11-26 21:32:29 +0000  copying file ./BCSymbolMaps/C75B6BAA-E759-3C63-98CE-7EBC0057659C.bcsymbolmap ... 
2020-11-26 21:32:29 +0000  35871 bytes for ./BCSymbolMaps/C75B6BAA-E759-3C63-98CE-7EBC0057659C.bcsymbolmap
2020-11-26 21:32:29 +0000  copying file ./BCSymbolMaps/154EBF9A-9302-3C4E-848F-FF04ECEEB3DF.bcsymbolmap ... 
2020-11-26 21:32:29 +0000  364449 bytes for ./BCSymbolMaps/154EBF9A-9302-3C4E-848F-FF04ECEEB3DF.bcsymbolmap
2020-11-26 21:32:29 +0000  copying file ./Payload/Kana Torii.app/_CodeSignature/CodeResources ... 
2020-11-26 21:32:29 +0000  37076 bytes for ./Payload/Kana Torii.app/_CodeSignature/CodeResources
2020-11-26 21:32:29 +0000  copying file ./Payload/Kana Torii.app/en.lproj/Main.strings ... 
2020-11-26 21:32:29 +0000  31060 bytes for ./Payload/Kana Torii.app/en.lproj/Main.strings
copying file ./Payload/Kana Torii.app/en.lproj/Localizable.strings ... 
2020-11-26 21:32:29 +0000  2914 bytes for ./Payload/Kana Torii.app/en.lproj/Localizable.strings
2020-11-26 21:32:29 +0000  copying file ./Payload/Kana Torii.app/Kana_Torii.momd/VersionInfo.plist ... 
2020-11-26 21:32:29 +0000  207 bytes for ./Payload/Kana Torii.app/Kana_Torii.momd/VersionInfo.plist
2020-11-26 21:32:29 +0000  copying file ./Payload/Kana Torii.app/Kana_Torii.momd/Kana_Torii.mom ... 
2020-11-26 21:32:29 +0000  1566 bytes for ./Payload/Kana Torii.app/Kana_Torii.momd/Kana_Torii.mom
copying file ./Payload/Kana Torii.app/Kana_Torii.momd/Kana_Torii.omo ... 
2020-11-26 21:32:29 +0000  2720 bytes for ./Payload/Kana Torii.app/Kana_Torii.momd/Kana_Torii.omo
2020-11-26 21:32:29 +0000  copying file ./Payload/Kana Torii.app/HiraganaRecognizer.mlmodelc/metadata.json ... 
2020-11-26 21:32:29 +0000  3544 bytes for ./Payload/Kana Torii.app/HiraganaRecognizer.mlmodelc/metadata.json
2020-11-26 21:32:29 +0000  copying file ./Payload/Kana Torii.app/HiraganaRecognizer.mlmodelc/model0/coremldata.bin ... 
2020-11-26 21:32:29 +0000  166 bytes for ./Payload/Kana Torii.app/HiraganaRecognizer.mlmodelc/model0/coremldata.bin
2020-11-26 21:32:29 +0000  copying file ./Payload/Kana Torii.app/HiraganaRecognizer.mlmodelc/model1/coremldata.bin ... 
2020-11-26 21:32:29 +0000  1690175 bytes for ./Payload/Kana Torii.app/HiraganaRecognizer.mlmodelc/model1/coremldata.bin
2020-11-26 21:32:29 +0000  copying file ./Payload/Kana Torii.app/HiraganaRecognizer.mlmodelc/coremldata.bin ... 
572 bytes for ./Payload/Kana Torii.app/HiraganaRecognizer.mlmodelc/coremldata.bin
2020-11-26 21:32:29 +0000  copying file ./Payload/Kana Torii.app/HiraganaRecognizer.mlmodelc/analytics/coremldata.bin ... 
2020-11-26 21:32:29 +0000  215 bytes for ./Payload/Kana Torii.app/HiraganaRecognizer.mlmodelc/analytics/coremldata.bin
2020-11-26 21:32:29 +0000  copying file ./Payload/Kana Torii.app/AppIcon60x60@2x.png ... 
2020-11-26 21:32:29 +0000  11860 bytes for ./Payload/Kana Torii.app/AppIcon60x60@2x.png
2020-11-26 21:32:29 +0000  copying file ./Payload/Kana Torii.app/Base.lproj/Main.storyboardc/XFU-zS-SxD-view-eB2-ak-DiR.nib/runtime.nib ... 
2020-11-26 21:32:29 +0000  13508 bytes for ./Payload/Kana Torii.app/Base.lproj/Main.storyboardc/XFU-zS-SxD-view-eB2-ak-DiR.nib/runtime.nib
2020-11-26 21:32:29 +0000  copying file ./Payload/Kana Torii.app/Base.lproj/Main.storyboardc/XFU-zS-SxD-view-eB2-ak-DiR.nib/objects-14.0+.nib ... 
2020-11-26 21:32:29 +0000  13513 bytes for ./Payload/Kana Torii.app/Base.lproj/Main.storyboardc/XFU-zS-SxD-view-eB2-ak-DiR.nib/objects-14.0+.nib
2020-11-26 21:32:29 +0000  copying file ./Payload/Kana Torii.app/Base.lproj/Main.storyboardc/IhC-f9-5LY-view-A1M-hV-GCc.nib/runtime.nib ... 
2020-11-26 21:32:29 +0000  15888 bytes for ./Payload/Kana Torii.app/Base.lproj/Main.storyboardc/IhC-f9-5LY-view-A1M-hV-GCc.nib/runtime.nib
2020-11-26 21:32:29 +0000  copying file ./Payload/Kana Torii.app/Base.lproj/Main.storyboardc/IhC-f9-5LY-view-A1M-hV-GCc.nib/objects-14.0+.nib ... 
2020-11-26 21:32:29 +0000  14632 bytes for ./Payload/Kana Torii.app/Base.lproj/Main.storyboardc/IhC-f9-5LY-view-A1M-hV-GCc.nib/objects-14.0+.nib
2020-11-26 21:32:29 +0000  copying file ./Payload/Kana Torii.app/Base.lproj/Main.storyboardc/UIViewController-EZT-H6-5D4.nib/runtime.nib ... 
2020-11-26 21:32:29 +0000  2427 bytes for ./Payload/Kana Torii.app/Base.lproj/Main.storyboardc/UIViewController-EZT-H6-5D4.nib/runtime.nib
copying file ./Payload/Kana Torii.app/Base.lproj/Main.storyboardc/UIViewController-EZT-H6-5D4.nib/objects-14.0+.nib ... 
2020-11-26 21:32:29 +0000  2420 bytes for ./Payload/Kana Torii.app/Base.lproj/Main.storyboardc/UIViewController-EZT-H6-5D4.nib/objects-14.0+.nib
2020-11-26 21:32:29 +0000  copying file ./Payload/Kana Torii.app/Base.lproj/Main.storyboardc/Gh4-01-IBt-view-4Xm-mY-ldB.nib/runtime.nib ... 
2020-11-26 21:32:29 +0000  10380 bytes for ./Payload/Kana Torii.app/Base.lproj/Main.storyboardc/Gh4-01-IBt-view-4Xm-mY-ldB.nib/runtime.nib
copying file ./Payload/Kana Torii.app/Base.lproj/Main.storyboardc/Gh4-01-IBt-view-4Xm-mY-ldB.nib/objects-14.0+.nib ... 
2020-11-26 21:32:29 +0000  9295 bytes for ./Payload/Kana Torii.app/Base.lproj/Main.storyboardc/Gh4-01-IBt-view-4Xm-mY-ldB.nib/objects-14.0+.nib
2020-11-26 21:32:29 +0000  copying file ./Payload/Kana Torii.app/Base.lproj/Main.storyboardc/fdx-73-bc4-view-Wbb-1c-d3g.nib/runtime.nib ... 
2020-11-26 21:32:29 +0000  15381 bytes for ./Payload/Kana Torii.app/Base.lproj/Main.storyboardc/fdx-73-bc4-view-Wbb-1c-d3g.nib/runtime.nib
copying file ./Payload/Kana Torii.app/Base.lproj/Main.storyboardc/fdx-73-bc4-view-Wbb-1c-d3g.nib/objects-14.0+.nib ... 
2020-11-26 21:32:29 +0000  14124 bytes for ./Payload/Kana Torii.app/Base.lproj/Main.storyboardc/fdx-73-bc4-view-Wbb-1c-d3g.nib/objects-14.0+.nib
2020-11-26 21:32:29 +0000  copying file ./Payload/Kana Torii.app/Base.lproj/Main.storyboardc/BqT-4D-v2A-view-wBn-4B-qLy.nib/runtime.nib ... 
2020-11-26 21:32:29 +0000  15941 bytes for ./Payload/Kana Torii.app/Base.lproj/Main.storyboardc/BqT-4D-v2A-view-wBn-4B-qLy.nib/runtime.nib
copying file ./Payload/Kana Torii.app/Base.lproj/Main.storyboardc/BqT-4D-v2A-view-wBn-4B-qLy.nib/objects-14.0+.nib ... 
2020-11-26 21:32:29 +0000  14683 bytes for ./Payload/Kana Torii.app/Base.lproj/Main.storyboardc/BqT-4D-v2A-view-wBn-4B-qLy.nib/objects-14.0+.nib
2020-11-26 21:32:29 +0000  copying file ./Payload/Kana Torii.app/Base.lproj/Main.storyboardc/UITabBarController-4Dx-Qy-AHp.nib/runtime.nib ... 
2020-11-26 21:32:29 +0000  7458 bytes for ./Payload/Kana Torii.app/Base.lproj/Main.storyboardc/UITabBarController-4Dx-Qy-AHp.nib/runtime.nib
copying file ./Payload/Kana Torii.app/Base.lproj/Main.storyboardc/UITabBarController-4Dx-Qy-AHp.nib/objects-14.0+.nib ... 
2020-11-26 21:32:29 +0000  7473 bytes for ./Payload/Kana Torii.app/Base.lproj/Main.storyboardc/UITabBarController-4Dx-Qy-AHp.nib/objects-14.0+.nib
2020-11-26 21:32:29 +0000  copying file ./Payload/Kana Torii.app/Base.lproj/Main.storyboardc/YSV-3D-gKG-view-HV5-B5-Vzd.nib/runtime.nib ... 
2020-11-26 21:32:29 +0000  40756 bytes for ./Payload/Kana Torii.app/Base.lproj/Main.storyboardc/YSV-3D-gKG-view-HV5-B5-Vzd.nib/runtime.nib
copying file ./Payload/Kana Torii.app/Base.lproj/Main.storyboardc/YSV-3D-gKG-view-HV5-B5-Vzd.nib/objects-14.0+.nib ... 
2020-11-26 21:32:29 +0000  40764 bytes for ./Payload/Kana Torii.app/Base.lproj/Main.storyboardc/YSV-3D-gKG-view-HV5-B5-Vzd.nib/objects-14.0+.nib
2020-11-26 21:32:29 +0000  copying file ./Payload/Kana Torii.app/Base.lproj/Main.storyboardc/DetailKana.nib/runtime.nib ... 
2020-11-26 21:32:29 +0000  1999 bytes for ./Payload/Kana Torii.app/Base.lproj/Main.storyboardc/DetailKana.nib/runtime.nib
copying file ./Payload/Kana Torii.app/Base.lproj/Main.storyboardc/DetailKana.nib/objects-14.0+.nib ... 
2020-11-26 21:32:29 +0000  1999 bytes for ./Payload/Kana Torii.app/Base.lproj/Main.storyboardc/DetailKana.nib/objects-14.0+.nib
2020-11-26 21:32:29 +0000  copying file ./Payload/Kana Torii.app/Base.lproj/Main.storyboardc/UIViewController-80f-a5-QiH.nib/runtime.nib ... 
2020-11-26 21:32:29 +0000  2235 bytes for ./Payload/Kana Torii.app/Base.lproj/Main.storyboardc/UIViewController-80f-a5-QiH.nib/runtime.nib
copying file ./Payload/Kana Torii.app/Base.lproj/Main.storyboardc/UIViewController-80f-a5-QiH.nib/objects-14.0+.nib ... 
2020-11-26 21:32:29 +0000  2233 bytes for ./Payload/Kana Torii.app/Base.lproj/Main.storyboardc/UIViewController-80f-a5-QiH.nib/objects-14.0+.nib
2020-11-26 21:32:29 +0000  copying file ./Payload/Kana Torii.app/Base.lproj/Main.storyboardc/UIViewController-gtF-5O-35G.nib/runtime.nib ... 
2020-11-26 21:32:29 +0000  1407 bytes for ./Payload/Kana Torii.app/Base.lproj/Main.storyboardc/UIViewController-gtF-5O-35G.nib/runtime.nib
copying file ./Payload/Kana Torii.app/Base.lproj/Main.storyboardc/UIViewController-gtF-5O-35G.nib/objects-14.0+.nib ... 
2020-11-26 21:32:29 +0000  1407 bytes for ./Payload/Kana Torii.app/Base.lproj/Main.storyboardc/UIViewController-gtF-5O-35G.nib/objects-14.0+.nib
2020-11-26 21:32:29 +0000  copying file ./Payload/Kana Torii.app/Base.lproj/Main.storyboardc/UIViewController-BqT-4D-v2A.nib/runtime.nib ... 
2020-11-26 21:32:29 +0000  2266 bytes for ./Payload/Kana Torii.app/Base.lproj/Main.storyboardc/UIViewController-BqT-4D-v2A.nib/runtime.nib
copying file ./Payload/Kana Torii.app/Base.lproj/Main.storyboardc/UIViewController-BqT-4D-v2A.nib/objects-14.0+.nib ... 
2020-11-26 21:32:29 +0000  2267 bytes for ./Payload/Kana Torii.app/Base.lproj/Main.storyboardc/UIViewController-BqT-4D-v2A.nib/objects-14.0+.nib
2020-11-26 21:32:29 +0000  copying file ./Payload/Kana Torii.app/Base.lproj/Main.storyboardc/UIViewController-Cze-lR-MbY.nib/runtime.nib ... 
2020-11-26 21:32:29 +0000  1227 bytes for ./Payload/Kana Torii.app/Base.lproj/Main.storyboardc/UIViewController-Cze-lR-MbY.nib/runtime.nib
copying file ./Payload/Kana Torii.app/Base.lproj/Main.storyboardc/UIViewController-Cze-lR-MbY.nib/objects-14.0+.nib ... 
2020-11-26 21:32:29 +0000  1227 bytes for ./Payload/Kana Torii.app/Base.lproj/Main.storyboardc/UIViewController-Cze-lR-MbY.nib/objects-14.0+.nib
2020-11-26 21:32:29 +0000  copying file ./Payload/Kana Torii.app/Base.lproj/Main.storyboardc/UIViewController-IhC-f9-5LY.nib/runtime.nib ... 
2020-11-26 21:32:29 +0000  2132 bytes for ./Payload/Kana Torii.app/Base.lproj/Main.storyboardc/UIViewController-IhC-f9-5LY.nib/runtime.nib
copying file ./Payload/Kana Torii.app/Base.lproj/Main.storyboardc/UIViewController-IhC-f9-5LY.nib/objects-14.0+.nib ... 
2020-11-26 21:32:29 +0000  2132 bytes for ./Payload/Kana Torii.app/Base.lproj/Main.storyboardc/UIViewController-IhC-f9-5LY.nib/objects-14.0+.nib
2020-11-26 21:32:29 +0000  copying file ./Payload/Kana Torii.app/Base.lproj/Main.storyboardc/UIViewController-igl-QT-kZH.nib/runtime.nib ... 
2020-11-26 21:32:29 +0000  1458 bytes for ./Payload/Kana Torii.app/Base.lproj/Main.storyboardc/UIViewController-igl-QT-kZH.nib/runtime.nib
copying file ./Payload/Kana Torii.app/Base.lproj/Main.storyboardc/UIViewController-igl-QT-kZH.nib/objects-14.0+.nib ... 
2020-11-26 21:32:29 +0000  1458 bytes for ./Payload/Kana Torii.app/Base.lproj/Main.storyboardc/UIViewController-igl-QT-kZH.nib/objects-14.0+.nib
2020-11-26 21:32:29 +0000  copying file ./Payload/Kana Torii.app/Base.lproj/Main.storyboardc/UIViewController-BYZ-38-t0r.nib/runtime.nib ... 
2020-11-26 21:32:29 +0000  1447 bytes for ./Payload/Kana Torii.app/Base.lproj/Main.storyboardc/UIViewController-BYZ-38-t0r.nib/runtime.nib
copying file ./Payload/Kana Torii.app/Base.lproj/Main.storyboardc/UIViewController-BYZ-38-t0r.nib/objects-14.0+.nib ... 
2020-11-26 21:32:29 +0000  1447 bytes for ./Payload/Kana Torii.app/Base.lproj/Main.storyboardc/UIViewController-BYZ-38-t0r.nib/objects-14.0+.nib
2020-11-26 21:32:29 +0000  copying file ./Payload/Kana Torii.app/Base.lproj/Main.storyboardc/80f-a5-QiH-view-vtk-kf-68l.nib/runtime.nib ... 
2020-11-26 21:32:29 +0000  10721 bytes for ./Payload/Kana Torii.app/Base.lproj/Main.storyboardc/80f-a5-QiH-view-vtk-kf-68l.nib/runtime.nib
copying file ./Payload/Kana Torii.app/Base.lproj/Main.storyboardc/80f-a5-QiH-view-vtk-kf-68l.nib/objects-14.0+.nib ... 
2020-11-26 21:32:29 +0000  10713 bytes for ./Payload/Kana Torii.app/Base.lproj/Main.storyboardc/80f-a5-QiH-view-vtk-kf-68l.nib/objects-14.0+.nib
2020-11-26 21:32:29 +0000  copying file ./Payload/Kana Torii.app/Base.lproj/Main.storyboardc/igl-QT-kZH-view-BH2-2S-yxr.nib/runtime.nib ... 
2020-11-26 21:32:29 +0000  13422 bytes for ./Payload/Kana Torii.app/Base.lproj/Main.storyboardc/igl-QT-kZH-view-BH2-2S-yxr.nib/runtime.nib
copying file ./Payload/Kana Torii.app/Base.lproj/Main.storyboardc/igl-QT-kZH-view-BH2-2S-yxr.nib/objects-14.0+.nib ... 
2020-11-26 21:32:29 +0000  13422 bytes for ./Payload/Kana Torii.app/Base.lproj/Main.storyboardc/igl-QT-kZH-view-BH2-2S-yxr.nib/objects-14.0+.nib
2020-11-26 21:32:29 +0000  copying file ./Payload/Kana Torii.app/Base.lproj/Main.storyboardc/Cze-lR-MbY-view-EG9-VC-T15.nib/runtime.nib ... 
2020-11-26 21:32:29 +0000  8273 bytes for ./Payload/Kana Torii.app/Base.lproj/Main.storyboardc/Cze-lR-MbY-view-EG9-VC-T15.nib/runtime.nib
copying file ./Payload/Kana Torii.app/Base.lproj/Main.storyboardc/Cze-lR-MbY-view-EG9-VC-T15.nib/objects-14.0+.nib ... 
2020-11-26 21:32:29 +0000  8272 bytes for ./Payload/Kana Torii.app/Base.lproj/Main.storyboardc/Cze-lR-MbY-view-EG9-VC-T15.nib/objects-14.0+.nib
2020-11-26 21:32:29 +0000  copying file ./Payload/Kana Torii.app/Base.lproj/Main.storyboardc/cQn-qh-xwP-view-39e-BT-AYC.nib/runtime.nib ... 
2020-11-26 21:32:29 +0000  8016 bytes for ./Payload/Kana Torii.app/Base.lproj/Main.storyboardc/cQn-qh-xwP-view-39e-BT-AYC.nib/runtime.nib
copying file ./Payload/Kana Torii.app/Base.lproj/Main.storyboardc/cQn-qh-xwP-view-39e-BT-AYC.nib/objects-14.0+.nib ... 
2020-11-26 21:32:29 +0000  6785 bytes for ./Payload/Kana Torii.app/Base.lproj/Main.storyboardc/cQn-qh-xwP-view-39e-BT-AYC.nib/objects-14.0+.nib
2020-11-26 21:32:29 +0000  copying file ./Payload/Kana Torii.app/Base.lproj/Main.storyboardc/UIViewController-yds-G5-hgN.nib/runtime.nib ... 
2020-11-26 21:32:29 +0000  1223 bytes for ./Payload/Kana Torii.app/Base.lproj/Main.storyboardc/UIViewController-yds-G5-hgN.nib/runtime.nib
copying file ./Payload/Kana Torii.app/Base.lproj/Main.storyboardc/UIViewController-yds-G5-hgN.nib/objects-14.0+.nib ... 
2020-11-26 21:32:29 +0000  1223 bytes for ./Payload/Kana Torii.app/Base.lproj/Main.storyboardc/UIViewController-yds-G5-hgN.nib/objects-14.0+.nib
2020-11-26 21:32:29 +0000  copying file ./Payload/Kana Torii.app/Base.lproj/Main.storyboardc/qdP-X3-04K-view-GsN-k3-yIu.nib/runtime.nib ... 
2020-11-26 21:32:29 +0000  9079 bytes for ./Payload/Kana Torii.app/Base.lproj/Main.storyboardc/qdP-X3-04K-view-GsN-k3-yIu.nib/runtime.nib
copying file ./Payload/Kana Torii.app/Base.lproj/Main.storyboardc/qdP-X3-04K-view-GsN-k3-yIu.nib/objects-14.0+.nib ... 
2020-11-26 21:32:29 +0000  8119 bytes for ./Payload/Kana Torii.app/Base.lproj/Main.storyboardc/qdP-X3-04K-view-GsN-k3-yIu.nib/objects-14.0+.nib
2020-11-26 21:32:29 +0000  copying file ./Payload/Kana Torii.app/Base.lproj/Main.storyboardc/UIViewController-fdx-73-bc4.nib/runtime.nib ... 
2020-11-26 21:32:29 +0000  1461 bytes for ./Payload/Kana Torii.app/Base.lproj/Main.storyboardc/UIViewController-fdx-73-bc4.nib/runtime.nib
copying file ./Payload/Kana Torii.app/Base.lproj/Main.storyboardc/UIViewController-fdx-73-bc4.nib/objects-14.0+.nib ... 
2020-11-26 21:32:29 +0000  1461 bytes for ./Payload/Kana Torii.app/Base.lproj/Main.storyboardc/UIViewController-fdx-73-bc4.nib/objects-14.0+.nib
2020-11-26 21:32:29 +0000  copying file ./Payload/Kana Torii.app/Base.lproj/Main.storyboardc/UIViewController-Gh4-01-IBt.nib/runtime.nib ... 
2020-11-26 21:32:29 +0000  1653 bytes for ./Payload/Kana Torii.app/Base.lproj/Main.storyboardc/UIViewController-Gh4-01-IBt.nib/runtime.nib
copying file ./Payload/Kana Torii.app/Base.lproj/Main.storyboardc/UIViewController-Gh4-01-IBt.nib/objects-14.0+.nib ... 
2020-11-26 21:32:29 +0000  1653 bytes for ./Payload/Kana Torii.app/Base.lproj/Main.storyboardc/UIViewController-Gh4-01-IBt.nib/objects-14.0+.nib
2020-11-26 21:32:29 +0000  copying file ./Payload/Kana Torii.app/Base.lproj/Main.storyboardc/UIViewController-qdP-X3-04K.nib/runtime.nib ... 
2020-11-26 21:32:29 +0000  2035 bytes for ./Payload/Kana Torii.app/Base.lproj/Main.storyboardc/UIViewController-qdP-X3-04K.nib/runtime.nib
copying file ./Payload/Kana Torii.app/Base.lproj/Main.storyboardc/UIViewController-qdP-X3-04K.nib/objects-14.0+.nib ... 
2020-11-26 21:32:29 +0000  2035 bytes for ./Payload/Kana Torii.app/Base.lproj/Main.storyboardc/UIViewController-qdP-X3-04K.nib/objects-14.0+.nib
2020-11-26 21:32:29 +0000  copying file ./Payload/Kana Torii.app/Base.lproj/Main.storyboardc/EZT-H6-5D4-view-rIX-xb-qP4.nib/runtime.nib ... 
2020-11-26 21:32:29 +0000  12308 bytes for ./Payload/Kana Torii.app/Base.lproj/Main.storyboardc/EZT-H6-5D4-view-rIX-xb-qP4.nib/runtime.nib
copying file ./Payload/Kana Torii.app/Base.lproj/Main.storyboardc/EZT-H6-5D4-view-rIX-xb-qP4.nib/objects-14.0+.nib ... 
2020-11-26 21:32:29 +0000  11072 bytes for ./Payload/Kana Torii.app/Base.lproj/Main.storyboardc/EZT-H6-5D4-view-rIX-xb-qP4.nib/objects-14.0+.nib
2020-11-26 21:32:29 +0000  copying file ./Payload/Kana Torii.app/Base.lproj/Main.storyboardc/BYZ-38-t0r-view-8bC-Xf-vdC.nib/runtime.nib ... 
2020-11-26 21:32:29 +0000  10314 bytes for ./Payload/Kana Torii.app/Base.lproj/Main.storyboardc/BYZ-38-t0r-view-8bC-Xf-vdC.nib/runtime.nib
copying file ./Payload/Kana Torii.app/Base.lproj/Main.storyboardc/BYZ-38-t0r-view-8bC-Xf-vdC.nib/objects-14.0+.nib ... 
2020-11-26 21:32:29 +0000  10316 bytes for ./Payload/Kana Torii.app/Base.lproj/Main.storyboardc/BYZ-38-t0r-view-8bC-Xf-vdC.nib/objects-14.0+.nib
2020-11-26 21:32:29 +0000  copying file ./Payload/Kana Torii.app/Base.lproj/Main.storyboardc/UIViewController-nKX-z6-RA5.nib/runtime.nib ... 
2020-11-26 21:32:29 +0000  2830 bytes for ./Payload/Kana Torii.app/Base.lproj/Main.storyboardc/UIViewController-nKX-z6-RA5.nib/runtime.nib
copying file ./Payload/Kana Torii.app/Base.lproj/Main.storyboardc/UIViewController-nKX-z6-RA5.nib/objects-14.0+.nib ... 
2020-11-26 21:32:29 +0000  1936 bytes for ./Payload/Kana Torii.app/Base.lproj/Main.storyboardc/UIViewController-nKX-z6-RA5.nib/objects-14.0+.nib
2020-11-26 21:32:29 +0000  copying file ./Payload/Kana Torii.app/Base.lproj/Main.storyboardc/73J-OI-8sF-view-dxz-tn-d0e.nib/runtime.nib ... 
2020-11-26 21:32:29 +0000  40324 bytes for ./Payload/Kana Torii.app/Base.lproj/Main.storyboardc/73J-OI-8sF-view-dxz-tn-d0e.nib/runtime.nib
copying file ./Payload/Kana Torii.app/Base.lproj/Main.storyboardc/73J-OI-8sF-view-dxz-tn-d0e.nib/objects-14.0+.nib ... 
2020-11-26 21:32:29 +0000  40319 bytes for ./Payload/Kana Torii.app/Base.lproj/Main.storyboardc/73J-OI-8sF-view-dxz-tn-d0e.nib/objects-14.0+.nib
2020-11-26 21:32:29 +0000  copying file ./Payload/Kana Torii.app/Base.lproj/Main.storyboardc/nKX-z6-RA5-view-9ah-cy-73T.nib/runtime.nib ... 
2020-11-26 21:32:29 +0000  10688 bytes for ./Payload/Kana Torii.app/Base.lproj/Main.storyboardc/nKX-z6-RA5-view-9ah-cy-73T.nib/runtime.nib
copying file ./Payload/Kana Torii.app/Base.lproj/Main.storyboardc/nKX-z6-RA5-view-9ah-cy-73T.nib/objects-14.0+.nib ... 
2020-11-26 21:32:29 +0000  9137 bytes for ./Payload/Kana Torii.app/Base.lproj/Main.storyboardc/nKX-z6-RA5-view-9ah-cy-73T.nib/objects-14.0+.nib
2020-11-26 21:32:29 +0000  copying file ./Payload/Kana Torii.app/Base.lproj/Main.storyboardc/UIViewController-72O-MX-xed.nib/runtime.nib ... 
2020-11-26 21:32:29 +0000  2246 bytes for ./Payload/Kana Torii.app/Base.lproj/Main.storyboardc/UIViewController-72O-MX-xed.nib/runtime.nib
copying file ./Payload/Kana Torii.app/Base.lproj/Main.storyboardc/UIViewController-72O-MX-xed.nib/objects-14.0+.nib ... 
2020-11-26 21:32:29 +0000  2243 bytes for ./Payload/Kana Torii.app/Base.lproj/Main.storyboardc/UIViewController-72O-MX-xed.nib/objects-14.0+.nib
2020-11-26 21:32:29 +0000  copying file ./Payload/Kana Torii.app/Base.lproj/Main.storyboardc/gtF-5O-35G-view-nx0-At-28w.nib/runtime.nib ... 
2020-11-26 21:32:29 +0000  6051 bytes for ./Payload/Kana Torii.app/Base.lproj/Main.storyboardc/gtF-5O-35G-view-nx0-At-28w.nib/runtime.nib
copying file ./Payload/Kana Torii.app/Base.lproj/Main.storyboardc/gtF-5O-35G-view-nx0-At-28w.nib/objects-14.0+.nib ... 
2020-11-26 21:32:29 +0000  6046 bytes for ./Payload/Kana Torii.app/Base.lproj/Main.storyboardc/gtF-5O-35G-view-nx0-At-28w.nib/objects-14.0+.nib
2020-11-26 21:32:29 +0000  copying file ./Payload/Kana Torii.app/Base.lproj/Main.storyboardc/UIViewController-toq-hZ-R6I.nib/runtime.nib ... 
2020-11-26 21:32:29 +0000  1307 bytes for ./Payload/Kana Torii.app/Base.lproj/Main.storyboardc/UIViewController-toq-hZ-R6I.nib/runtime.nib
copying file ./Payload/Kana Torii.app/Base.lproj/Main.storyboardc/UIViewController-toq-hZ-R6I.nib/objects-14.0+.nib ... 
2020-11-26 21:32:29 +0000  1307 bytes for ./Payload/Kana Torii.app/Base.lproj/Main.storyboardc/UIViewController-toq-hZ-R6I.nib/objects-14.0+.nib
2020-11-26 21:32:29 +0000  copying file ./Payload/Kana Torii.app/Base.lproj/Main.storyboardc/9Te-3f-K0G-view-PMt-rA-DlN.nib/runtime.nib ... 
2020-11-26 21:32:29 +0000  16565 bytes for ./Payload/Kana Torii.app/Base.lproj/Main.storyboardc/9Te-3f-K0G-view-PMt-rA-DlN.nib/runtime.nib
copying file ./Payload/Kana Torii.app/Base.lproj/Main.storyboardc/9Te-3f-K0G-view-PMt-rA-DlN.nib/objects-14.0+.nib ... 
2020-11-26 21:32:29 +0000  15031 bytes for ./Payload/Kana Torii.app/Base.lproj/Main.storyboardc/9Te-3f-K0G-view-PMt-rA-DlN.nib/objects-14.0+.nib
2020-11-26 21:32:29 +0000  copying file ./Payload/Kana Torii.app/Base.lproj/Main.storyboardc/UIViewController-eHp-tV-j7Q.nib/runtime.nib ... 
2020-11-26 21:32:29 +0000  2058 bytes for ./Payload/Kana Torii.app/Base.lproj/Main.storyboardc/UIViewController-eHp-tV-j7Q.nib/runtime.nib
copying file ./Payload/Kana Torii.app/Base.lproj/Main.storyboardc/UIViewController-eHp-tV-j7Q.nib/objects-14.0+.nib ... 
2020-11-26 21:32:29 +0000  2058 bytes for ./Payload/Kana Torii.app/Base.lproj/Main.storyboardc/UIViewController-eHp-tV-j7Q.nib/objects-14.0+.nib
2020-11-26 21:32:29 +0000  copying file ./Payload/Kana Torii.app/Base.lproj/Main.storyboardc/Veh-9p-w2n-view-Oek-ta-NxP.nib/runtime.nib ... 
2020-11-26 21:32:29 +0000  7646 bytes for ./Payload/Kana Torii.app/Base.lproj/Main.storyboardc/Veh-9p-w2n-view-Oek-ta-NxP.nib/runtime.nib
copying file ./Payload/Kana Torii.app/Base.lproj/Main.storyboardc/Veh-9p-w2n-view-Oek-ta-NxP.nib/objects-14.0+.nib ... 
2020-11-26 21:32:29 +0000  7639 bytes for ./Payload/Kana Torii.app/Base.lproj/Main.storyboardc/Veh-9p-w2n-view-Oek-ta-NxP.nib/objects-14.0+.nib
2020-11-26 21:32:29 +0000  copying file ./Payload/Kana Torii.app/Base.lproj/Main.storyboardc/72O-MX-xed-view-HJP-oJ-LaX.nib/runtime.nib ... 
2020-11-26 21:32:29 +0000  14039 bytes for ./Payload/Kana Torii.app/Base.lproj/Main.storyboardc/72O-MX-xed-view-HJP-oJ-LaX.nib/runtime.nib
copying file ./Payload/Kana Torii.app/Base.lproj/Main.storyboardc/72O-MX-xed-view-HJP-oJ-LaX.nib/objects-14.0+.nib ... 
2020-11-26 21:32:29 +0000  14043 bytes for ./Payload/Kana Torii.app/Base.lproj/Main.storyboardc/72O-MX-xed-view-HJP-oJ-LaX.nib/objects-14.0+.nib
copying file ./Payload/Kana Torii.app/Base.lproj/Main.storyboardc/Info.plist ... 
2020-11-26 21:32:29 +0000  1425 bytes for ./Payload/Kana Torii.app/Base.lproj/Main.storyboardc/Info.plist
2020-11-26 21:32:29 +0000  copying file ./Payload/Kana Torii.app/Base.lproj/Main.storyboardc/fla-k0-27H-view-HM3-oR-DJI.nib/runtime.nib ... 
2020-11-26 21:32:29 +0000  14731 bytes for ./Payload/Kana Torii.app/Base.lproj/Main.storyboardc/fla-k0-27H-view-HM3-oR-DJI.nib/runtime.nib
copying file ./Payload/Kana Torii.app/Base.lproj/Main.storyboardc/fla-k0-27H-view-HM3-oR-DJI.nib/objects-14.0+.nib ... 
2020-11-26 21:32:29 +0000  14726 bytes for ./Payload/Kana Torii.app/Base.lproj/Main.storyboardc/fla-k0-27H-view-HM3-oR-DJI.nib/objects-14.0+.nib
2020-11-26 21:32:29 +0000  copying file ./Payload/Kana Torii.app/Base.lproj/Main.storyboardc/UIViewController-XFU-zS-SxD.nib/runtime.nib ... 
2020-11-26 21:32:29 +0000  1466 bytes for ./Payload/Kana Torii.app/Base.lproj/Main.storyboardc/UIViewController-XFU-zS-SxD.nib/runtime.nib
copying file ./Payload/Kana Torii.app/Base.lproj/Main.storyboardc/UIViewController-XFU-zS-SxD.nib/objects-14.0+.nib ... 
2020-11-26 21:32:29 +0000  1466 bytes for ./Payload/Kana Torii.app/Base.lproj/Main.storyboardc/UIViewController-XFU-zS-SxD.nib/objects-14.0+.nib
2020-11-26 21:32:29 +0000  copying file ./Payload/Kana Torii.app/Base.lproj/Main.storyboardc/yds-G5-hgN-view-lzO-rV-pkU.nib/runtime.nib ... 
2020-11-26 21:32:29 +0000  7766 bytes for ./Payload/Kana Torii.app/Base.lproj/Main.storyboardc/yds-G5-hgN-view-lzO-rV-pkU.nib/runtime.nib
copying file ./Payload/Kana Torii.app/Base.lproj/Main.storyboardc/yds-G5-hgN-view-lzO-rV-pkU.nib/objects-14.0+.nib ... 
2020-11-26 21:32:29 +0000  7770 bytes for ./Payload/Kana Torii.app/Base.lproj/Main.storyboardc/yds-G5-hgN-view-lzO-rV-pkU.nib/objects-14.0+.nib
2020-11-26 21:32:29 +0000  copying file ./Payload/Kana Torii.app/Base.lproj/Main.storyboardc/toq-hZ-R6I-view-LSK-zZ-6Dc.nib/runtime.nib ... 
2020-11-26 21:32:29 +0000  6256 bytes for ./Payload/Kana Torii.app/Base.lproj/Main.storyboardc/toq-hZ-R6I-view-LSK-zZ-6Dc.nib/runtime.nib
copying file ./Payload/Kana Torii.app/Base.lproj/Main.storyboardc/toq-hZ-R6I-view-LSK-zZ-6Dc.nib/objects-14.0+.nib ... 
2020-11-26 21:32:29 +0000  6251 bytes for ./Payload/Kana Torii.app/Base.lproj/Main.storyboardc/toq-hZ-R6I-view-LSK-zZ-6Dc.nib/objects-14.0+.nib
2020-11-26 21:32:29 +0000  copying file ./Payload/Kana Torii.app/Base.lproj/Main.storyboardc/eHp-tV-j7Q-view-Dwx-vi-bCw.nib/runtime.nib ... 
2020-11-26 21:32:29 +0000  9323 bytes for ./Payload/Kana Torii.app/Base.lproj/Main.storyboardc/eHp-tV-j7Q-view-Dwx-vi-bCw.nib/runtime.nib
copying file ./Payload/Kana Torii.app/Base.lproj/Main.storyboardc/eHp-tV-j7Q-view-Dwx-vi-bCw.nib/objects-14.0+.nib ... 
2020-11-26 21:32:29 +0000  8357 bytes for ./Payload/Kana Torii.app/Base.lproj/Main.storyboardc/eHp-tV-j7Q-view-Dwx-vi-bCw.nib/objects-14.0+.nib
2020-11-26 21:32:29 +0000  copying file ./Payload/Kana Torii.app/Base.lproj/LaunchScreen.storyboardc/01J-lp-oVM-view-Ze5-6b-2t3.nib ... 
2020-11-26 21:32:29 +0000  2816 bytes for ./Payload/Kana Torii.app/Base.lproj/LaunchScreen.storyboardc/01J-lp-oVM-view-Ze5-6b-2t3.nib
copying file ./Payload/Kana Torii.app/Base.lproj/LaunchScreen.storyboardc/UIViewController-01J-lp-oVM.nib ... 
2020-11-26 21:32:29 +0000  896 bytes for ./Payload/Kana Torii.app/Base.lproj/LaunchScreen.storyboardc/UIViewController-01J-lp-oVM.nib
copying file ./Payload/Kana Torii.app/Base.lproj/LaunchScreen.storyboardc/Info.plist ... 
2020-11-26 21:32:29 +0000  258 bytes for ./Payload/Kana Torii.app/Base.lproj/LaunchScreen.storyboardc/Info.plist
copying file ./Payload/Kana Torii.app/Correct Beep.mp3 ... 
2020-11-26 21:32:29 +0000  17664 bytes for ./Payload/Kana Torii.app/Correct Beep.mp3
copying file ./Payload/Kana Torii.app/Assets.car ... 
2020-11-26 21:32:29 +0000  39002304 bytes for ./Payload/Kana Torii.app/Assets.car
copying file ./Payload/Kana Torii.app/AppIcon76x76@2x~ipad.png ... 
2020-11-26 21:32:29 +0000  15001 bytes for ./Payload/Kana Torii.app/AppIcon76x76@2x~ipad.png
copying file ./Payload/Kana Torii.app/Wrong Beep.mp3 ... 
2020-11-26 21:32:29 +0000  14559 bytes for ./Payload/Kana Torii.app/Wrong Beep.mp3
copying file ./Payload/Kana Torii.app/Kana Torii ... 
2020-11-26 21:32:29 +0000  3732080 bytes for ./Payload/Kana Torii.app/Kana Torii
2020-11-26 21:32:29 +0000  copying file ./Payload/Kana Torii.app/fr.lproj/LaunchScreen.strings ... 
1 bytes for ./Payload/Kana Torii.app/fr.lproj/LaunchScreen.strings
copying file ./Payload/Kana Torii.app/fr.lproj/Main.strings ... 
2020-11-26 21:32:29 +0000  31592 bytes for ./Payload/Kana Torii.app/fr.lproj/Main.strings
copying file ./Payload/Kana Torii.app/fr.lproj/Localizable.strings ... 
2020-11-26 21:32:29 +0000  5225 bytes for ./Payload/Kana Torii.app/fr.lproj/Localizable.strings
2020-11-26 21:32:29 +0000  copying file ./Payload/Kana Torii.app/Frameworks/GradientButtonSwift.framework/_CodeSignature/CodeResources ... 
2020-11-26 21:32:29 +0000  1798 bytes for ./Payload/Kana Torii.app/Frameworks/GradientButtonSwift.framework/_CodeSignature/CodeResources
copying file ./Payload/Kana Torii.app/Frameworks/GradientButtonSwift.framework/GradientButtonSwift ... 
2020-11-26 21:32:30 +0000  174864 bytes for ./Payload/Kana Torii.app/Frameworks/GradientButtonSwift.framework/GradientButtonSwift
copying file ./Payload/Kana Torii.app/Frameworks/GradientButtonSwift.framework/Info.plist ... 
2020-11-26 21:32:30 +0000  761 bytes for ./Payload/Kana Torii.app/Frameworks/GradientButtonSwift.framework/Info.plist
2020-11-26 21:32:30 +0000  copying file ./Payload/Kana Torii.app/embedded.mobileprovision ... 
2020-11-26 21:32:30 +0000  7541 bytes for ./Payload/Kana Torii.app/embedded.mobileprovision
copying file ./Payload/Kana Torii.app/Info.plist ... 
2020-11-26 21:32:30 +0000  1750 bytes for ./Payload/Kana Torii.app/Info.plist
copying file ./Payload/Kana Torii.app/PkgInfo ... 
2020-11-26 21:32:30 +0000  8 bytes for ./Payload/Kana Torii.app/PkgInfo
2020-11-26 21:32:30 +0000  /usr/bin/ditto exited with 0
2020-11-26 21:32:30 +0000  Processing step: IDEDistributionAppStoreInformationStep
2020-11-26 21:32:30 +0000  Skipping step: IDEDistributionAppStoreInformationStep because it said so
2020-11-26 21:32:30 +0000  Processing step: IDEDistributionGenerateProcessedDistributionItems
2020-11-26 21:32:30 +0000  IDEDistributionItem init <DVTFilePath:0x2ecbd9d10:'/var/folders/74/4r6nn9y95zg812cyf38n2wfh0000gn/T/XcodeDistPipeline.~~~bZQKem/Root/Payload/Kana Torii.app/Frameworks/GradientButtonSwift.framework'>
2020-11-26 21:32:30 +0000  IDEDistributionItem init <DVTFilePath:0x2ed50c0a0:'/var/folders/74/4r6nn9y95zg812cyf38n2wfh0000gn/T/XcodeDistPipeline.~~~bZQKem/Root/Payload/Kana Torii.app'>
2020-11-26 21:32:30 +0000  Processing step: IDEDistributionCreateManifestStep
2020-11-26 21:32:30 +0000  Skipping step: IDEDistributionCreateManifestStep because it said so
